Flow report for singlechip_74ls595
Sun Dec 02 19:42:45 2018
Quartus II 64-Bit Version 15.0.0 Build 145 04/22/2015 SJ Web Edition


---------------------
; Table of Contents ;
---------------------
  1. Legal Notice
  2. Flow Summary
  3. Flow Settings
  4. Flow Non-Default Global Settings
  5. Flow Elapsed Time
  6. Flow OS Summary
  7. Flow Log
  8. Flow Messages
  9. Flow Suppressed Messages



----------------
; Legal Notice ;
----------------
Copyright (C) 1991-2015 Altera Corporation. All rights reserved.
Your use of Altera Corporation's design tools, logic functions 
and other software and tools, and its AMPP partner logic 
functions, and any output files from any of the foregoing 
(including device programming or simulation files), and any 
associated documentation or information are expressly subject 
to the terms and conditions of the Altera Program License 
Subscription Agreement, the Altera Quartus II License Agreement,
the Altera MegaCore Function License Agreement, or other 
applicable license agreement, including, without limitation, 
that your use is for the sole purpose of programming logic 
devices manufactured by Altera and sold by Altera or its 
authorized distributors.  Please refer to the applicable 
agreement for further details.



+---------------------------------------------------------------------------------+
; Flow Summary                                                                    ;
+------------------------------------+--------------------------------------------+
; Flow Status                        ; Successful - Sun Dec 02 19:42:45 2018      ;
; Quartus II 64-Bit Version          ; 15.0.0 Build 145 04/22/2015 SJ Web Edition ;
; Revision Name                      ; singlechip_74ls595                         ;
; Top-level Entity Name              ; singlechip_74ls595_test                    ;
; Family                             ; Cyclone IV E                               ;
; Device                             ; EP4CE6F17C8                                ;
; Timing Models                      ; Final                                      ;
; Total logic elements               ; 16 / 6,272 ( < 1 % )                       ;
;     Total combinational functions  ; 9 / 6,272 ( < 1 % )                        ;
;     Dedicated logic registers      ; 16 / 6,272 ( < 1 % )                       ;
; Total registers                    ; 16                                         ;
; Total pins                         ; 15 / 180 ( 8 % )                           ;
; Total virtual pins                 ; 0                                          ;
; Total memory bits                  ; 0 / 276,480 ( 0 % )                        ;
; Embedded Multiplier 9-bit elements ; 0 / 30 ( 0 % )                             ;
; Total PLLs                         ; 0 / 2 ( 0 % )                              ;
+------------------------------------+--------------------------------------------+


+-----------------------------------------+
; Flow Settings                           ;
+-------------------+---------------------+
; Option            ; Setting             ;
+-------------------+---------------------+
; Start date & time ; 12/02/2018 19:42:13 ;
; Main task         ; Compilation         ;
; Revision Name     ; singlechip_74ls595  ;
+-------------------+---------------------+


+---------------------------------------------------------------------------------------------------------------------------------------------+
; Flow Non-Default Global Settings                                                                                                            ;
+-------------------------------------+---------------------------------------+--------------------+-------------------------+----------------+
; Assignment Name                     ; Value                                 ; Default Value      ; Entity Name             ; Section Id     ;
+-------------------------------------+---------------------------------------+--------------------+-------------------------+----------------+
; COMPILER_SIGNATURE_ID               ; 154027276792061.154375093307628       ; --                 ; --                      ; --             ;
; EDA_OUTPUT_DATA_FORMAT              ; Verilog Hdl                           ; --                 ; --                      ; eda_simulation ;
; EDA_SIMULATION_TOOL                 ; ModelSim-Altera (Verilog)             ; <None>             ; --                      ; --             ;
; MAX_CORE_JUNCTION_TEMP              ; 85                                    ; --                 ; --                      ; --             ;
; MIN_CORE_JUNCTION_TEMP              ; 0                                     ; --                 ; --                      ; --             ;
; OUTPUT_IO_TIMING_FAR_END_VMEAS      ; Half Signal Swing                     ; --                 ; --                      ; --             ;
; OUTPUT_IO_TIMING_FAR_END_VMEAS      ; Half Signal Swing                     ; --                 ; --                      ; --             ;
; OUTPUT_IO_TIMING_NEAR_END_VMEAS     ; Half Vccio                            ; --                 ; --                      ; --             ;
; OUTPUT_IO_TIMING_NEAR_END_VMEAS     ; Half Vccio                            ; --                 ; --                      ; --             ;
; PARTITION_COLOR                     ; 16764057                              ; --                 ; singlechip_74ls595_test ; Top            ;
; PARTITION_FITTER_PRESERVATION_LEVEL ; PLACEMENT_AND_ROUTING                 ; --                 ; singlechip_74ls595_test ; Top            ;
; PARTITION_NETLIST_TYPE              ; SOURCE                                ; --                 ; singlechip_74ls595_test ; Top            ;
; POWER_BOARD_THERMAL_MODEL           ; None (CONSERVATIVE)                   ; --                 ; --                      ; --             ;
; POWER_PRESET_COOLING_SOLUTION       ; 23 MM HEAT SINK WITH 200 LFPM AIRFLOW ; --                 ; --                      ; --             ;
; PROJECT_OUTPUT_DIRECTORY            ; output_files                          ; --                 ; --                      ; --             ;
; TOP_LEVEL_ENTITY                    ; singlechip_74ls595_test               ; singlechip_74ls595 ; --                      ; --             ;
+-------------------------------------+---------------------------------------+--------------------+-------------------------+----------------+


+-------------------------------------------------------------------------------------------------------------------------------+
; Flow Elapsed Time                                                                                                             ;
+---------------------------+--------------+-------------------------+---------------------+------------------------------------+
; Module Name               ; Elapsed Time ; Average Processors Used ; Peak Virtual Memory ; Total CPU Time (on all processors) ;
+---------------------------+--------------+-------------------------+---------------------+------------------------------------+
; Analysis & Synthesis      ; 00:00:12     ; 1.0                     ; 4862 MB             ; 00:00:26                           ;
; Fitter                    ; 00:00:06     ; 1.6                     ; 5669 MB             ; 00:00:07                           ;
; Assembler                 ; 00:00:01     ; 1.0                     ; 4770 MB             ; 00:00:01                           ;
; TimeQuest Timing Analyzer ; 00:00:03     ; 1.0                     ; 4892 MB             ; 00:00:03                           ;
; EDA Netlist Writer        ; 00:00:02     ; 1.0                     ; 4737 MB             ; 00:00:01                           ;
; Total                     ; 00:00:24     ; --                      ; --                  ; 00:00:38                           ;
+---------------------------+--------------+-------------------------+---------------------+------------------------------------+


+----------------------------------------------------------------------------------------+
; Flow OS Summary                                                                        ;
+---------------------------+------------------+-----------+------------+----------------+
; Module Name               ; Machine Hostname ; OS Name   ; OS Version ; Processor type ;
+---------------------------+------------------+-----------+------------+----------------+
; Analysis & Synthesis      ; DESKTOP-J2F7MVF  ; Windows 7 ; 6.2        ; x86_64         ;
; Fitter                    ; DESKTOP-J2F7MVF  ; Windows 7 ; 6.2        ; x86_64         ;
; Assembler                 ; DESKTOP-J2F7MVF  ; Windows 7 ; 6.2        ; x86_64         ;
; TimeQuest Timing Analyzer ; DESKTOP-J2F7MVF  ; Windows 7 ; 6.2        ; x86_64         ;
; EDA Netlist Writer        ; DESKTOP-J2F7MVF  ; Windows 7 ; 6.2        ; x86_64         ;
+---------------------------+------------------+-----------+------------+----------------+


------------
; Flow Log ;
------------
quartus_map --read_settings_files=on --write_settings_files=off singlechip_74ls595 -c singlechip_74ls595
quartus_fit --read_settings_files=off --write_settings_files=off singlechip_74ls595 -c singlechip_74ls595
quartus_asm --read_settings_files=off --write_settings_files=off singlechip_74ls595 -c singlechip_74ls595
quartus_sta singlechip_74ls595 -c singlechip_74ls595
quartus_eda --read_settings_files=off --write_settings_files=off singlechip_74ls595 -c singlechip_74ls595



