TimeQuest Timing Analyzer report for bell
Wed Dec 12 21:57:29 2018
Quartus II 64-Bit Version 15.0.0 Build 145 04/22/2015 SJ Web Edition


---------------------
; Table of Contents ;
---------------------
  1. Legal Notice
  2. TimeQuest Timing Analyzer Summary
  3. Parallel Compilation
  4. Clocks
  5. Fmax Summary
  6. Setup Summary
  7. Hold Summary
  8. Recovery Summary
  9. Removal Summary
 10. Minimum Pulse Width Summary
 11. Setup: 'clk'
 12. Hold: 'clk'
 13. Minimum Pulse Width: 'clk'
 14. Clock to Output Times
 15. Minimum Clock to Output Times
 16. Propagation Delay
 17. Minimum Propagation Delay
 18. Setup Transfers
 19. Hold Transfers
 20. Report TCCS
 21. Report RSKM
 22. Unconstrained Paths
 23. TimeQuest Timing Analyzer Messages



----------------
; Legal Notice ;
----------------
Copyright (C) 1991-2015 Altera Corporation. All rights reserved.
Your use of Altera Corporation's design tools, logic functions 
and other software and tools, and its AMPP partner logic 
functions, and any output files from any of the foregoing 
(including device programming or simulation files), and any 
associated documentation or information are expressly subject 
to the terms and conditions of the Altera Program License 
Subscription Agreement, the Altera Quartus II License Agreement,
the Altera MegaCore Function License Agreement, or other 
applicable license agreement, including, without limitation, 
that your use is for the sole purpose of programming logic 
devices manufactured by Altera and sold by Altera or its 
authorized distributors.  Please refer to the applicable 
agreement for further details.



+-------------------------------------------------------------------------+
; TimeQuest Timing Analyzer Summary                                       ;
+--------------------+----------------------------------------------------+
; Quartus II Version ; Version 15.0.0 Build 145 04/22/2015 SJ Web Edition ;
; Revision Name      ; bell                                               ;
; Device Family      ; MAX II                                             ;
; Device Name        ; EPM1270T144C5                                      ;
; Timing Models      ; Final                                              ;
; Delay Model        ; Slow Model                                         ;
; Rise/Fall Delays   ; Unavailable                                        ;
+--------------------+----------------------------------------------------+


+------------------------------------------+
; Parallel Compilation                     ;
+----------------------------+-------------+
; Processors                 ; Number      ;
+----------------------------+-------------+
; Number detected on machine ; 8           ;
; Maximum allowed            ; 4           ;
;                            ;             ;
; Average used               ; 1.00        ;
; Maximum used               ; 1           ;
;                            ;             ;
; Usage by Processor         ; % Time Used ;
;     Processor 1            ; 100.0%      ;
;     Processors 2-8         ;   0.0%      ;
+----------------------------+-------------+


+---------------------------------------------------------------------------------------------------------------------------------------------------------------------------------+
; Clocks                                                                                                                                                                          ;
+------------+------+--------+------------+-------+-------+------------+-----------+-------------+-------+--------+-----------+------------+----------+--------+--------+---------+
; Clock Name ; Type ; Period ; Frequency  ; Rise  ; Fall  ; Duty Cycle ; Divide by ; Multiply by ; Phase ; Offset ; Edge List ; Edge Shift ; Inverted ; Master ; Source ; Targets ;
+------------+------+--------+------------+-------+-------+------------+-----------+-------------+-------+--------+-----------+------------+----------+--------+--------+---------+
; clk        ; Base ; 1.000  ; 1000.0 MHz ; 0.000 ; 0.500 ;            ;           ;             ;       ;        ;           ;            ;          ;        ;        ; { clk } ;
+------------+------+--------+------------+-------+-------+------------+-----------+-------------+-------+--------+-----------+------------+----------+--------+--------+---------+


+--------------------------------------------------+
; Fmax Summary                                     ;
+------------+-----------------+------------+------+
; Fmax       ; Restricted Fmax ; Clock Name ; Note ;
+------------+-----------------+------------+------+
; 102.36 MHz ; 102.36 MHz      ; clk        ;      ;
+------------+-----------------+------------+------+
This panel reports FMAX for every clock in the design, regardless of the user-specified clock periods.  FMAX is only computed for paths where the source and destination registers or ports are driven by the same clock.  Paths of different clocks, including generated clocks, are ignored.  For paths between a clock and its inversion, FMAX is computed as if the rising and falling edges are scaled along with FMAX, such that the duty cycle (in terms of a percentage) is maintained. Altera recommends that you always use clock constraints and other slack reports for sign-off analysis.


+--------------------------------+
; Setup Summary                  ;
+-------+--------+---------------+
; Clock ; Slack  ; End Point TNS ;
+-------+--------+---------------+
; clk   ; -8.769 ; -1412.538     ;
+-------+--------+---------------+


+-------------------------------+
; Hold Summary                  ;
+-------+-------+---------------+
; Clock ; Slack ; End Point TNS ;
+-------+-------+---------------+
; clk   ; 1.649 ; 0.000         ;
+-------+-------+---------------+


--------------------
; Recovery Summary ;
--------------------
No paths to report.


-------------------
; Removal Summary ;
-------------------
No paths to report.


+--------------------------------+
; Minimum Pulse Width Summary    ;
+-------+--------+---------------+
; Clock ; Slack  ; End Point TNS ;
+-------+--------+---------------+
; clk   ; -2.289 ; -2.289        ;
+-------+--------+---------------+


+------------------------------------------------------------------------------------------------------------------------------------------------------------+
; Setup: 'clk'                                                                                                                                               ;
+--------+--------------------------------------+--------------------------------------+--------------+-------------+--------------+------------+------------+
; Slack  ; From Node                            ; To Node                              ; Launch Clock ; Latch Clock ; Relationship ; Clock Skew ; Data Delay ;
+--------+--------------------------------------+--------------------------------------+--------------+-------------+--------------+------------+------------+
; -8.769 ; frequency_divider:bell_clk_1|cnt[0]  ; frequency_divider:bell_clk_4|cnt[20] ; clk          ; clk         ; 1.000        ; 0.000      ; 9.436      ;
; -8.697 ; frequency_divider:bell_clk_1|cnt[0]  ; frequency_divider:bell_clk_3|cnt[17] ; clk          ; clk         ; 1.000        ; 0.000      ; 9.364      ;
; -8.368 ; frequency_divider:bell_clk_1|cnt[0]  ; frequency_divider:bell_clk_4|cnt[22] ; clk          ; clk         ; 1.000        ; 0.000      ; 9.035      ;
; -8.352 ; frequency_divider:bell_clk_1|cnt[0]  ; frequency_divider:bell_clk_3|cnt[13] ; clk          ; clk         ; 1.000        ; 0.000      ; 9.019      ;
; -8.305 ; frequency_divider:bell_clk_1|cnt[0]  ; frequency_divider:bell_clk_3|cnt[14] ; clk          ; clk         ; 1.000        ; 0.000      ; 8.972      ;
; -8.291 ; frequency_divider:bell_clk_1|cnt[0]  ; frequency_divider:bell_clk_4|cnt[9]  ; clk          ; clk         ; 1.000        ; 0.000      ; 8.958      ;
; -8.262 ; frequency_divider:bell_clk_1|cnt[0]  ; frequency_divider:bell_clk_3|cnt[24] ; clk          ; clk         ; 1.000        ; 0.000      ; 8.929      ;
; -8.238 ; frequency_divider:bell_clk_1|cnt[0]  ; frequency_divider:bell_clk_7|cnt[19] ; clk          ; clk         ; 1.000        ; 0.000      ; 8.905      ;
; -8.200 ; frequency_divider:bell_clk_1|cnt[0]  ; frequency_divider:bell_clk_4|cnt[12] ; clk          ; clk         ; 1.000        ; 0.000      ; 8.867      ;
; -8.193 ; frequency_divider:bell_clk_1|cnt[0]  ; frequency_divider:bell_clk_7|cnt[9]  ; clk          ; clk         ; 1.000        ; 0.000      ; 8.860      ;
; -8.174 ; frequency_divider:bell_clk_1|cnt[0]  ; frequency_divider:bell_clk_4|cnt[4]  ; clk          ; clk         ; 1.000        ; 0.000      ; 8.841      ;
; -8.166 ; frequency_divider:bell_clk_1|cnt[0]  ; frequency_divider:bell_clk_4|cnt[13] ; clk          ; clk         ; 1.000        ; 0.000      ; 8.833      ;
; -8.143 ; frequency_divider:bell_clk_1|cnt[0]  ; frequency_divider:bell_clk_3|cnt[23] ; clk          ; clk         ; 1.000        ; 0.000      ; 8.810      ;
; -8.072 ; frequency_divider:bell_clk_1|cnt[0]  ; frequency_divider:bell_clk_1|cnt[27] ; clk          ; clk         ; 1.000        ; 0.000      ; 8.739      ;
; -8.060 ; frequency_divider:bell_clk_1|cnt[0]  ; frequency_divider:bell_clk_4|cnt[24] ; clk          ; clk         ; 1.000        ; 0.000      ; 8.727      ;
; -8.019 ; frequency_divider:bell_clk_1|cnt[0]  ; frequency_divider:bell_clk_7|cnt[24] ; clk          ; clk         ; 1.000        ; 0.000      ; 8.686      ;
; -8.016 ; frequency_divider:bell_clk_1|cnt[0]  ; frequency_divider:bell_clk_1|cnt[17] ; clk          ; clk         ; 1.000        ; 0.000      ; 8.683      ;
; -7.997 ; frequency_divider:bell_clk_1|cnt[0]  ; frequency_divider:bell_clk_7|cnt[18] ; clk          ; clk         ; 1.000        ; 0.000      ; 8.664      ;
; -7.986 ; frequency_divider:bell_clk_1|cnt[0]  ; frequency_divider:bell_clk_7|cnt[22] ; clk          ; clk         ; 1.000        ; 0.000      ; 8.653      ;
; -7.955 ; frequency_divider:bell_clk_3|cnt[5]  ; frequency_divider:bell_clk_3|cnt[17] ; clk          ; clk         ; 1.000        ; 0.000      ; 8.622      ;
; -7.946 ; frequency_divider:bell_clk_1|cnt[0]  ; frequency_divider:bell_clk_4|cnt[8]  ; clk          ; clk         ; 1.000        ; 0.000      ; 8.613      ;
; -7.943 ; frequency_divider:bell_clk_1|cnt[0]  ; frequency_divider:bell_clk_4|cnt[10] ; clk          ; clk         ; 1.000        ; 0.000      ; 8.610      ;
; -7.939 ; frequency_divider:bell_clk_1|cnt[0]  ; frequency_divider:bell_clk_4|cnt[14] ; clk          ; clk         ; 1.000        ; 0.000      ; 8.606      ;
; -7.883 ; frequency_divider:bell_clk_1|cnt[0]  ; frequency_divider:bell_clk_3|cnt[11] ; clk          ; clk         ; 1.000        ; 0.000      ; 8.550      ;
; -7.878 ; frequency_divider:bell_clk_1|cnt[0]  ; frequency_divider:bell_clk_4|cnt[7]  ; clk          ; clk         ; 1.000        ; 0.000      ; 8.545      ;
; -7.874 ; frequency_divider:bell_clk_7|cnt[2]  ; frequency_divider:bell_clk_7|cnt[19] ; clk          ; clk         ; 1.000        ; 0.000      ; 8.541      ;
; -7.854 ; frequency_divider:bell_clk_1|cnt[0]  ; frequency_divider:bell_clk_1|cnt[24] ; clk          ; clk         ; 1.000        ; 0.000      ; 8.521      ;
; -7.853 ; frequency_divider:bell_clk_1|cnt[0]  ; frequency_divider:bell_clk_3|cnt[21] ; clk          ; clk         ; 1.000        ; 0.000      ; 8.520      ;
; -7.847 ; frequency_divider:bell_clk_1|cnt[0]  ; frequency_divider:bell_clk_1|cnt[10] ; clk          ; clk         ; 1.000        ; 0.000      ; 8.514      ;
; -7.838 ; frequency_divider:bell_clk_1|cnt[0]  ; frequency_divider:bell_clk_7|cnt[12] ; clk          ; clk         ; 1.000        ; 0.000      ; 8.505      ;
; -7.838 ; frequency_divider:bell_clk_1|cnt[0]  ; frequency_divider:bell_clk_3|cnt[22] ; clk          ; clk         ; 1.000        ; 0.000      ; 8.505      ;
; -7.837 ; frequency_divider:bell_clk_1|cnt[0]  ; frequency_divider:bell_clk_3|cnt[19] ; clk          ; clk         ; 1.000        ; 0.000      ; 8.504      ;
; -7.829 ; frequency_divider:bell_clk_7|cnt[2]  ; frequency_divider:bell_clk_7|cnt[9]  ; clk          ; clk         ; 1.000        ; 0.000      ; 8.496      ;
; -7.828 ; frequency_divider:bell_clk_1|cnt[0]  ; frequency_divider:bell_clk_1|cnt[15] ; clk          ; clk         ; 1.000        ; 0.000      ; 8.495      ;
; -7.808 ; frequency_divider:bell_clk_1|cnt[0]  ; frequency_divider:bell_clk_4|cnt[17] ; clk          ; clk         ; 1.000        ; 0.000      ; 8.475      ;
; -7.808 ; frequency_divider:bell_clk_1|cnt[0]  ; frequency_divider:bell_clk_1|cnt[22] ; clk          ; clk         ; 1.000        ; 0.000      ; 8.475      ;
; -7.807 ; frequency_divider:bell_clk_1|cnt[0]  ; frequency_divider:bell_clk_4|cnt[11] ; clk          ; clk         ; 1.000        ; 0.000      ; 8.474      ;
; -7.787 ; frequency_divider:bell_clk_1|cnt[0]  ; frequency_divider:bell_clk_3|cnt[15] ; clk          ; clk         ; 1.000        ; 0.000      ; 8.454      ;
; -7.773 ; frequency_divider:bell_clk_1|cnt[0]  ; frequency_divider:bell_clk_7|cnt[11] ; clk          ; clk         ; 1.000        ; 0.000      ; 8.440      ;
; -7.772 ; frequency_divider:bell_clk_3|cnt[13] ; frequency_divider:bell_clk_3|cnt[11] ; clk          ; clk         ; 1.000        ; 0.000      ; 8.439      ;
; -7.763 ; frequency_divider:bell_clk_1|cnt[0]  ; frequency_divider:bell_clk_1|cnt[14] ; clk          ; clk         ; 1.000        ; 0.000      ; 8.430      ;
; -7.732 ; frequency_divider:bell_clk_4|cnt[4]  ; frequency_divider:bell_clk_4|cnt[20] ; clk          ; clk         ; 1.000        ; 0.000      ; 8.399      ;
; -7.702 ; frequency_divider:bell_clk_4|cnt[6]  ; frequency_divider:bell_clk_4|cnt[20] ; clk          ; clk         ; 1.000        ; 0.000      ; 8.369      ;
; -7.691 ; frequency_divider:bell_clk_1|cnt[0]  ; frequency_divider:bell_clk_4|cnt[21] ; clk          ; clk         ; 1.000        ; 0.000      ; 8.358      ;
; -7.689 ; frequency_divider:bell_clk_1|cnt[0]  ; frequency_divider:bell_clk_4|cnt[19] ; clk          ; clk         ; 1.000        ; 0.000      ; 8.356      ;
; -7.688 ; frequency_divider:bell_clk_1|cnt[0]  ; frequency_divider:bell_clk_3|cnt[16] ; clk          ; clk         ; 1.000        ; 0.000      ; 8.355      ;
; -7.683 ; frequency_divider:bell_clk_4|cnt[1]  ; frequency_divider:bell_clk_4|cnt[20] ; clk          ; clk         ; 1.000        ; 0.000      ; 8.350      ;
; -7.676 ; frequency_divider:bell_clk_1|cnt[0]  ; frequency_divider:bell_clk_4|cnt[23] ; clk          ; clk         ; 1.000        ; 0.000      ; 8.343      ;
; -7.667 ; frequency_divider:bell_clk_3|cnt[17] ; frequency_divider:bell_clk_3|cnt[11] ; clk          ; clk         ; 1.000        ; 0.000      ; 8.334      ;
; -7.666 ; frequency_divider:bell_clk_1|cnt[0]  ; frequency_divider:bell_clk_7|cnt[21] ; clk          ; clk         ; 1.000        ; 0.000      ; 8.333      ;
; -7.661 ; frequency_divider:bell_clk_1|cnt[0]  ; frequency_divider:bell_clk_7|cnt[23] ; clk          ; clk         ; 1.000        ; 0.000      ; 8.328      ;
; -7.655 ; frequency_divider:bell_clk_7|cnt[2]  ; frequency_divider:bell_clk_7|cnt[24] ; clk          ; clk         ; 1.000        ; 0.000      ; 8.322      ;
; -7.651 ; frequency_divider:bell_clk_1|cnt[0]  ; frequency_divider:bell_clk_1|cnt[11] ; clk          ; clk         ; 1.000        ; 0.000      ; 8.318      ;
; -7.643 ; frequency_divider:bell_clk_1|cnt[0]  ; frequency_divider:bell_clk_3|cnt[10] ; clk          ; clk         ; 1.000        ; 0.000      ; 8.310      ;
; -7.633 ; frequency_divider:bell_clk_7|cnt[2]  ; frequency_divider:bell_clk_7|cnt[18] ; clk          ; clk         ; 1.000        ; 0.000      ; 8.300      ;
; -7.632 ; frequency_divider:bell_clk_1|cnt[0]  ; frequency_divider:bell_clk_3|cnt[18] ; clk          ; clk         ; 1.000        ; 0.000      ; 8.299      ;
; -7.631 ; frequency_divider:bell_clk_1|cnt[0]  ; frequency_divider:bell_clk_7|cnt[10] ; clk          ; clk         ; 1.000        ; 0.000      ; 8.298      ;
; -7.627 ; frequency_divider:bell_clk_5|cnt[5]  ; frequency_divider:bell_clk_5|cnt[17] ; clk          ; clk         ; 1.000        ; 0.000      ; 8.294      ;
; -7.622 ; frequency_divider:bell_clk_7|cnt[2]  ; frequency_divider:bell_clk_7|cnt[22] ; clk          ; clk         ; 1.000        ; 0.000      ; 8.289      ;
; -7.617 ; frequency_divider:bell_clk_1|cnt[0]  ; frequency_divider:bell_clk_1|cnt[19] ; clk          ; clk         ; 1.000        ; 0.000      ; 8.284      ;
; -7.617 ; frequency_divider:bell_clk_1|cnt[0]  ; frequency_divider:bell_clk_1|cnt[23] ; clk          ; clk         ; 1.000        ; 0.000      ; 8.284      ;
; -7.616 ; frequency_divider:bell_clk_4|cnt[7]  ; frequency_divider:bell_clk_4|cnt[20] ; clk          ; clk         ; 1.000        ; 0.000      ; 8.283      ;
; -7.613 ; frequency_divider:bell_clk_1|cnt[0]  ; frequency_divider:bell_clk_1|cnt[21] ; clk          ; clk         ; 1.000        ; 0.000      ; 8.280      ;
; -7.610 ; frequency_divider:bell_clk_3|cnt[5]  ; frequency_divider:bell_clk_3|cnt[13] ; clk          ; clk         ; 1.000        ; 0.000      ; 8.277      ;
; -7.608 ; frequency_divider:bell_clk_1|cnt[0]  ; frequency_divider:bell_clk_7|cnt[13] ; clk          ; clk         ; 1.000        ; 0.000      ; 8.275      ;
; -7.605 ; frequency_divider:bell_clk_4|cnt[2]  ; frequency_divider:bell_clk_4|cnt[20] ; clk          ; clk         ; 1.000        ; 0.000      ; 8.272      ;
; -7.595 ; frequency_divider:bell_clk_1|cnt[0]  ; frequency_divider:bell_clk_7|cnt[17] ; clk          ; clk         ; 1.000        ; 0.000      ; 8.262      ;
; -7.592 ; frequency_divider:bell_clk_1|cnt[0]  ; frequency_divider:bell_clk_3|cnt[27] ; clk          ; clk         ; 1.000        ; 0.000      ; 8.259      ;
; -7.583 ; frequency_divider:bell_clk_7|cnt[9]  ; frequency_divider:bell_clk_7|cnt[13] ; clk          ; clk         ; 1.000        ; 0.000      ; 8.250      ;
; -7.579 ; frequency_divider:bell_clk_1|cnt[0]  ; frequency_divider:bell_clk_3|cnt[25] ; clk          ; clk         ; 1.000        ; 0.000      ; 8.246      ;
; -7.576 ; frequency_divider:bell_clk_1|cnt[0]  ; frequency_divider:bell_clk_3|cnt[20] ; clk          ; clk         ; 1.000        ; 0.000      ; 8.243      ;
; -7.574 ; frequency_divider:bell_clk_1|cnt[0]  ; frequency_divider:bell_clk_3|cnt[9]  ; clk          ; clk         ; 1.000        ; 0.000      ; 8.241      ;
; -7.563 ; frequency_divider:bell_clk_5|cnt[5]  ; frequency_divider:bell_clk_5|cnt[18] ; clk          ; clk         ; 1.000        ; 0.000      ; 8.230      ;
; -7.563 ; frequency_divider:bell_clk_3|cnt[5]  ; frequency_divider:bell_clk_3|cnt[14] ; clk          ; clk         ; 1.000        ; 0.000      ; 8.230      ;
; -7.555 ; frequency_divider:bell_clk_1|cnt[0]  ; frequency_divider:bell_clk_7|cnt[3]  ; clk          ; clk         ; 1.000        ; 0.000      ; 8.222      ;
; -7.548 ; frequency_divider:bell_clk_1|cnt[0]  ; frequency_divider:bell_clk_4|cnt[15] ; clk          ; clk         ; 1.000        ; 0.000      ; 8.215      ;
; -7.534 ; frequency_divider:bell_clk_4|cnt[10] ; frequency_divider:bell_clk_4|cnt[20] ; clk          ; clk         ; 1.000        ; 0.000      ; 8.201      ;
; -7.521 ; frequency_divider:bell_clk_1|cnt[0]  ; frequency_divider:bell_clk_7|cnt[15] ; clk          ; clk         ; 1.000        ; 0.000      ; 8.188      ;
; -7.520 ; frequency_divider:bell_clk_3|cnt[5]  ; frequency_divider:bell_clk_3|cnt[24] ; clk          ; clk         ; 1.000        ; 0.000      ; 8.187      ;
; -7.507 ; frequency_divider:bell_clk_5|cnt[5]  ; frequency_divider:bell_clk_5|cnt[27] ; clk          ; clk         ; 1.000        ; 0.000      ; 8.174      ;
; -7.501 ; frequency_divider:bell_clk_1|cnt[0]  ; frequency_divider:bell_clk_1|cnt[9]  ; clk          ; clk         ; 1.000        ; 0.000      ; 8.168      ;
; -7.498 ; frequency_divider:bell_clk_1|cnt[0]  ; frequency_divider:bell_clk_7|cnt[14] ; clk          ; clk         ; 1.000        ; 0.000      ; 8.165      ;
; -7.494 ; frequency_divider:bell_clk_1|cnt[0]  ; frequency_divider:bell_clk_7|cnt[16] ; clk          ; clk         ; 1.000        ; 0.000      ; 8.161      ;
; -7.474 ; frequency_divider:bell_clk_7|cnt[2]  ; frequency_divider:bell_clk_7|cnt[12] ; clk          ; clk         ; 1.000        ; 0.000      ; 8.141      ;
; -7.472 ; frequency_divider:bell_clk_1|cnt[0]  ; frequency_divider:bell_clk_4|cnt[16] ; clk          ; clk         ; 1.000        ; 0.000      ; 8.139      ;
; -7.466 ; frequency_divider:bell_clk_7|cnt[15] ; frequency_divider:bell_clk_7|cnt[19] ; clk          ; clk         ; 1.000        ; 0.000      ; 8.133      ;
; -7.434 ; frequency_divider:bell_clk_1|cnt[0]  ; frequency_divider:bell_clk_4|cnt[27] ; clk          ; clk         ; 1.000        ; 0.000      ; 8.101      ;
; -7.425 ; frequency_divider:bell_clk_1|cnt[0]  ; frequency_divider:bell_clk_1|cnt[16] ; clk          ; clk         ; 1.000        ; 0.000      ; 8.092      ;
; -7.412 ; frequency_divider:bell_clk_1|cnt[0]  ; frequency_divider:bell_clk_4|cnt[25] ; clk          ; clk         ; 1.000        ; 0.000      ; 8.079      ;
; -7.409 ; frequency_divider:bell_clk_7|cnt[2]  ; frequency_divider:bell_clk_7|cnt[11] ; clk          ; clk         ; 1.000        ; 0.000      ; 8.076      ;
; -7.408 ; frequency_divider:bell_clk_1|cnt[0]  ; frequency_divider:bell_clk_7|cnt[20] ; clk          ; clk         ; 1.000        ; 0.000      ; 8.075      ;
; -7.405 ; frequency_divider:bell_clk_1|cnt[0]  ; frequency_divider:bell_clk_7|cnt[27] ; clk          ; clk         ; 1.000        ; 0.000      ; 8.072      ;
; -7.402 ; frequency_divider:bell_clk_1|cnt[0]  ; frequency_divider:bell_clk_4|cnt[18] ; clk          ; clk         ; 1.000        ; 0.000      ; 8.069      ;
; -7.401 ; frequency_divider:bell_clk_3|cnt[5]  ; frequency_divider:bell_clk_3|cnt[23] ; clk          ; clk         ; 1.000        ; 0.000      ; 8.068      ;
; -7.397 ; frequency_divider:bell_clk_1|cnt[0]  ; frequency_divider:bell_clk_7|cnt[25] ; clk          ; clk         ; 1.000        ; 0.000      ; 8.064      ;
; -7.394 ; frequency_divider:bell_clk_1|cnt[0]  ; frequency_divider:bell_clk_1|cnt[13] ; clk          ; clk         ; 1.000        ; 0.000      ; 8.061      ;
; -7.391 ; frequency_divider:bell_clk_1|cnt[15] ; frequency_divider:bell_clk_1|cnt[8]  ; clk          ; clk         ; 1.000        ; 0.000      ; 8.058      ;
; -7.390 ; frequency_divider:bell_clk_1|cnt[15] ; frequency_divider:bell_clk_1|cnt[10] ; clk          ; clk         ; 1.000        ; 0.000      ; 8.057      ;
; -7.389 ; frequency_divider:bell_clk_5|cnt[5]  ; frequency_divider:bell_clk_5|cnt[25] ; clk          ; clk         ; 1.000        ; 0.000      ; 8.056      ;
; -7.384 ; frequency_divider:bell_clk_1|cnt[15] ; frequency_divider:bell_clk_1|cnt[11] ; clk          ; clk         ; 1.000        ; 0.000      ; 8.051      ;
+--------+--------------------------------------+--------------------------------------+--------------+-------------+--------------+------------+------------+


+-----------------------------------------------------------------------------------------------------------------------------------------------------------+
; Hold: 'clk'                                                                                                                                               ;
+-------+--------------------------------------+--------------------------------------+--------------+-------------+--------------+------------+------------+
; Slack ; From Node                            ; To Node                              ; Launch Clock ; Latch Clock ; Relationship ; Clock Skew ; Data Delay ;
+-------+--------------------------------------+--------------------------------------+--------------+-------------+--------------+------------+------------+
; 1.649 ; frequency_divider:bell_clk_1|clkout  ; frequency_divider:bell_clk_1|clkout  ; clk          ; clk         ; 0.000        ; 0.000      ; 1.870      ;
; 1.907 ; frequency_divider:bell_clk_3|clkout  ; frequency_divider:bell_clk_3|clkout  ; clk          ; clk         ; 0.000        ; 0.000      ; 2.128      ;
; 1.909 ; frequency_divider:bell_clk_5|clkout  ; frequency_divider:bell_clk_5|clkout  ; clk          ; clk         ; 0.000        ; 0.000      ; 2.130      ;
; 1.909 ; frequency_divider:bell_clk_6|clkout  ; frequency_divider:bell_clk_6|clkout  ; clk          ; clk         ; 0.000        ; 0.000      ; 2.130      ;
; 2.212 ; frequency_divider:bell_clk_7|clkout  ; frequency_divider:bell_clk_7|clkout  ; clk          ; clk         ; 0.000        ; 0.000      ; 2.433      ;
; 2.221 ; frequency_divider:bell_clk_2|clkout  ; frequency_divider:bell_clk_2|clkout  ; clk          ; clk         ; 0.000        ; 0.000      ; 2.442      ;
; 2.231 ; frequency_divider:bell_clk_4|clkout  ; frequency_divider:bell_clk_4|clkout  ; clk          ; clk         ; 0.000        ; 0.000      ; 2.452      ;
; 2.825 ; frequency_divider:bell_clk_4|cnt[26] ; frequency_divider:bell_clk_4|cnt[26] ; clk          ; clk         ; 0.000        ; 0.000      ; 3.046      ;
; 2.825 ; frequency_divider:bell_clk_7|cnt[26] ; frequency_divider:bell_clk_7|cnt[26] ; clk          ; clk         ; 0.000        ; 0.000      ; 3.046      ;
; 2.825 ; frequency_divider:bell_clk_1|cnt[26] ; frequency_divider:bell_clk_1|cnt[26] ; clk          ; clk         ; 0.000        ; 0.000      ; 3.046      ;
; 2.825 ; frequency_divider:bell_clk_3|cnt[26] ; frequency_divider:bell_clk_3|cnt[26] ; clk          ; clk         ; 0.000        ; 0.000      ; 3.046      ;
; 2.831 ; frequency_divider:bell_clk_2|cnt[19] ; frequency_divider:bell_clk_2|cnt[19] ; clk          ; clk         ; 0.000        ; 0.000      ; 3.052      ;
; 2.835 ; frequency_divider:bell_clk_6|cnt[26] ; frequency_divider:bell_clk_6|cnt[26] ; clk          ; clk         ; 0.000        ; 0.000      ; 3.056      ;
; 2.885 ; frequency_divider:bell_clk_2|cnt[6]  ; frequency_divider:bell_clk_2|cnt[5]  ; clk          ; clk         ; 0.000        ; 0.000      ; 3.106      ;
; 2.958 ; frequency_divider:bell_clk_5|cnt[24] ; frequency_divider:bell_clk_5|cnt[9]  ; clk          ; clk         ; 0.000        ; 0.000      ; 3.179      ;
; 3.094 ; frequency_divider:bell_clk_7|cnt[27] ; frequency_divider:bell_clk_7|cnt[27] ; clk          ; clk         ; 0.000        ; 0.000      ; 3.315      ;
; 3.100 ; frequency_divider:bell_clk_5|cnt[1]  ; frequency_divider:bell_clk_5|cnt[1]  ; clk          ; clk         ; 0.000        ; 0.000      ; 3.321      ;
; 3.368 ; frequency_divider:bell_clk_4|cnt[5]  ; frequency_divider:bell_clk_4|cnt[5]  ; clk          ; clk         ; 0.000        ; 0.000      ; 3.589      ;
; 3.373 ; frequency_divider:bell_clk_4|cnt[3]  ; frequency_divider:bell_clk_4|cnt[3]  ; clk          ; clk         ; 0.000        ; 0.000      ; 3.594      ;
; 3.380 ; frequency_divider:bell_clk_7|cnt[3]  ; frequency_divider:bell_clk_7|clkout  ; clk          ; clk         ; 0.000        ; 0.000      ; 3.601      ;
; 3.382 ; frequency_divider:bell_clk_7|cnt[3]  ; frequency_divider:bell_clk_7|cnt[4]  ; clk          ; clk         ; 0.000        ; 0.000      ; 3.603      ;
; 3.383 ; frequency_divider:bell_clk_7|cnt[3]  ; frequency_divider:bell_clk_7|cnt[6]  ; clk          ; clk         ; 0.000        ; 0.000      ; 3.604      ;
; 3.498 ; frequency_divider:bell_clk_2|cnt[6]  ; frequency_divider:bell_clk_2|cnt[9]  ; clk          ; clk         ; 0.000        ; 0.000      ; 3.719      ;
; 3.503 ; frequency_divider:bell_clk_7|cnt[3]  ; frequency_divider:bell_clk_7|cnt[12] ; clk          ; clk         ; 0.000        ; 0.000      ; 3.724      ;
; 3.523 ; frequency_divider:bell_clk_7|cnt[3]  ; frequency_divider:bell_clk_7|cnt[8]  ; clk          ; clk         ; 0.000        ; 0.000      ; 3.744      ;
; 3.523 ; frequency_divider:bell_clk_7|cnt[3]  ; frequency_divider:bell_clk_7|cnt[5]  ; clk          ; clk         ; 0.000        ; 0.000      ; 3.744      ;
; 3.562 ; frequency_divider:bell_clk_1|cnt[3]  ; frequency_divider:bell_clk_1|cnt[1]  ; clk          ; clk         ; 0.000        ; 0.000      ; 3.783      ;
; 3.563 ; frequency_divider:bell_clk_1|cnt[3]  ; frequency_divider:bell_clk_1|cnt[6]  ; clk          ; clk         ; 0.000        ; 0.000      ; 3.784      ;
; 3.567 ; frequency_divider:bell_clk_1|cnt[3]  ; frequency_divider:bell_clk_1|cnt[4]  ; clk          ; clk         ; 0.000        ; 0.000      ; 3.788      ;
; 3.598 ; frequency_divider:bell_clk_2|cnt[6]  ; frequency_divider:bell_clk_2|cnt[14] ; clk          ; clk         ; 0.000        ; 0.000      ; 3.819      ;
; 3.600 ; frequency_divider:bell_clk_2|cnt[6]  ; frequency_divider:bell_clk_2|cnt[12] ; clk          ; clk         ; 0.000        ; 0.000      ; 3.821      ;
; 3.603 ; frequency_divider:bell_clk_2|cnt[6]  ; frequency_divider:bell_clk_2|cnt[0]  ; clk          ; clk         ; 0.000        ; 0.000      ; 3.824      ;
; 3.604 ; frequency_divider:bell_clk_2|cnt[6]  ; frequency_divider:bell_clk_2|clkout  ; clk          ; clk         ; 0.000        ; 0.000      ; 3.825      ;
; 3.622 ; frequency_divider:bell_clk_2|cnt[20] ; frequency_divider:bell_clk_2|cnt[20] ; clk          ; clk         ; 0.000        ; 0.000      ; 3.843      ;
; 3.623 ; frequency_divider:bell_clk_5|cnt[14] ; frequency_divider:bell_clk_5|cnt[9]  ; clk          ; clk         ; 0.000        ; 0.000      ; 3.844      ;
; 3.624 ; frequency_divider:bell_clk_4|cnt[25] ; frequency_divider:bell_clk_4|cnt[25] ; clk          ; clk         ; 0.000        ; 0.000      ; 3.845      ;
; 3.636 ; frequency_divider:bell_clk_3|cnt[25] ; frequency_divider:bell_clk_3|cnt[25] ; clk          ; clk         ; 0.000        ; 0.000      ; 3.857      ;
; 3.642 ; frequency_divider:bell_clk_1|cnt[2]  ; frequency_divider:bell_clk_1|cnt[2]  ; clk          ; clk         ; 0.000        ; 0.000      ; 3.863      ;
; 3.652 ; frequency_divider:bell_clk_6|cnt[25] ; frequency_divider:bell_clk_6|cnt[25] ; clk          ; clk         ; 0.000        ; 0.000      ; 3.873      ;
; 3.658 ; frequency_divider:bell_clk_4|cnt[27] ; frequency_divider:bell_clk_4|cnt[27] ; clk          ; clk         ; 0.000        ; 0.000      ; 3.879      ;
; 3.658 ; frequency_divider:bell_clk_2|cnt[25] ; frequency_divider:bell_clk_2|cnt[25] ; clk          ; clk         ; 0.000        ; 0.000      ; 3.879      ;
; 3.667 ; frequency_divider:bell_clk_2|cnt[6]  ; frequency_divider:bell_clk_2|cnt[8]  ; clk          ; clk         ; 0.000        ; 0.000      ; 3.888      ;
; 3.668 ; frequency_divider:bell_clk_2|cnt[6]  ; frequency_divider:bell_clk_2|cnt[1]  ; clk          ; clk         ; 0.000        ; 0.000      ; 3.889      ;
; 3.679 ; frequency_divider:bell_clk_5|cnt[24] ; frequency_divider:bell_clk_5|cnt[12] ; clk          ; clk         ; 0.000        ; 0.000      ; 3.900      ;
; 3.683 ; frequency_divider:bell_clk_5|cnt[24] ; frequency_divider:bell_clk_5|cnt[11] ; clk          ; clk         ; 0.000        ; 0.000      ; 3.904      ;
; 3.686 ; frequency_divider:bell_clk_5|cnt[24] ; frequency_divider:bell_clk_5|cnt[13] ; clk          ; clk         ; 0.000        ; 0.000      ; 3.907      ;
; 3.737 ; frequency_divider:bell_clk_2|cnt[16] ; frequency_divider:bell_clk_2|cnt[5]  ; clk          ; clk         ; 0.000        ; 0.000      ; 3.958      ;
; 3.765 ; frequency_divider:bell_clk_2|cnt[27] ; frequency_divider:bell_clk_2|cnt[27] ; clk          ; clk         ; 0.000        ; 0.000      ; 3.986      ;
; 3.768 ; frequency_divider:bell_clk_5|cnt[8]  ; frequency_divider:bell_clk_5|cnt[9]  ; clk          ; clk         ; 0.000        ; 0.000      ; 3.989      ;
; 3.780 ; frequency_divider:bell_clk_7|cnt[20] ; frequency_divider:bell_clk_7|cnt[20] ; clk          ; clk         ; 0.000        ; 0.000      ; 4.001      ;
; 3.781 ; frequency_divider:bell_clk_2|cnt[0]  ; frequency_divider:bell_clk_2|cnt[5]  ; clk          ; clk         ; 0.000        ; 0.000      ; 4.002      ;
; 3.787 ; frequency_divider:bell_clk_5|cnt[24] ; frequency_divider:bell_clk_5|clkout  ; clk          ; clk         ; 0.000        ; 0.000      ; 4.008      ;
; 3.788 ; frequency_divider:bell_clk_5|cnt[24] ; frequency_divider:bell_clk_5|cnt[10] ; clk          ; clk         ; 0.000        ; 0.000      ; 4.009      ;
; 3.793 ; frequency_divider:bell_clk_1|cnt[0]  ; frequency_divider:bell_clk_6|cnt[1]  ; clk          ; clk         ; 0.000        ; 0.000      ; 4.014      ;
; 3.803 ; frequency_divider:bell_clk_6|cnt[20] ; frequency_divider:bell_clk_6|cnt[20] ; clk          ; clk         ; 0.000        ; 0.000      ; 4.024      ;
; 3.817 ; frequency_divider:bell_clk_1|cnt[20] ; frequency_divider:bell_clk_1|cnt[20] ; clk          ; clk         ; 0.000        ; 0.000      ; 4.038      ;
; 3.818 ; frequency_divider:bell_clk_6|cnt[27] ; frequency_divider:bell_clk_6|cnt[27] ; clk          ; clk         ; 0.000        ; 0.000      ; 4.039      ;
; 3.818 ; frequency_divider:bell_clk_1|cnt[25] ; frequency_divider:bell_clk_1|cnt[25] ; clk          ; clk         ; 0.000        ; 0.000      ; 4.039      ;
; 3.829 ; frequency_divider:bell_clk_2|cnt[10] ; frequency_divider:bell_clk_2|cnt[5]  ; clk          ; clk         ; 0.000        ; 0.000      ; 4.050      ;
; 3.832 ; frequency_divider:bell_clk_3|cnt[8]  ; frequency_divider:bell_clk_3|cnt[8]  ; clk          ; clk         ; 0.000        ; 0.000      ; 4.053      ;
; 3.853 ; frequency_divider:bell_clk_3|cnt[27] ; frequency_divider:bell_clk_3|cnt[27] ; clk          ; clk         ; 0.000        ; 0.000      ; 4.074      ;
; 3.859 ; frequency_divider:bell_clk_1|cnt[5]  ; frequency_divider:bell_clk_1|cnt[5]  ; clk          ; clk         ; 0.000        ; 0.000      ; 4.080      ;
; 3.874 ; frequency_divider:bell_clk_3|cnt[12] ; frequency_divider:bell_clk_3|cnt[12] ; clk          ; clk         ; 0.000        ; 0.000      ; 4.095      ;
; 3.880 ; frequency_divider:bell_clk_7|cnt[21] ; frequency_divider:bell_clk_7|cnt[21] ; clk          ; clk         ; 0.000        ; 0.000      ; 4.101      ;
; 3.892 ; frequency_divider:bell_clk_7|cnt[23] ; frequency_divider:bell_clk_7|cnt[23] ; clk          ; clk         ; 0.000        ; 0.000      ; 4.113      ;
; 3.902 ; frequency_divider:bell_clk_2|cnt[21] ; frequency_divider:bell_clk_2|cnt[21] ; clk          ; clk         ; 0.000        ; 0.000      ; 4.123      ;
; 3.909 ; frequency_divider:bell_clk_5|cnt[7]  ; frequency_divider:bell_clk_5|cnt[7]  ; clk          ; clk         ; 0.000        ; 0.000      ; 4.130      ;
; 3.915 ; frequency_divider:bell_clk_3|cnt[4]  ; frequency_divider:bell_clk_3|cnt[4]  ; clk          ; clk         ; 0.000        ; 0.000      ; 4.136      ;
; 3.921 ; frequency_divider:bell_clk_4|cnt[21] ; frequency_divider:bell_clk_4|cnt[21] ; clk          ; clk         ; 0.000        ; 0.000      ; 4.142      ;
; 3.926 ; frequency_divider:bell_clk_1|cnt[19] ; frequency_divider:bell_clk_1|cnt[19] ; clk          ; clk         ; 0.000        ; 0.000      ; 4.147      ;
; 3.930 ; frequency_divider:bell_clk_7|cnt[4]  ; frequency_divider:bell_clk_7|cnt[4]  ; clk          ; clk         ; 0.000        ; 0.000      ; 4.151      ;
; 3.933 ; frequency_divider:bell_clk_1|cnt[21] ; frequency_divider:bell_clk_1|cnt[21] ; clk          ; clk         ; 0.000        ; 0.000      ; 4.154      ;
; 3.934 ; frequency_divider:bell_clk_4|cnt[19] ; frequency_divider:bell_clk_4|cnt[19] ; clk          ; clk         ; 0.000        ; 0.000      ; 4.155      ;
; 3.940 ; frequency_divider:bell_clk_3|cnt[6]  ; frequency_divider:bell_clk_3|cnt[6]  ; clk          ; clk         ; 0.000        ; 0.000      ; 4.161      ;
; 3.942 ; frequency_divider:bell_clk_3|cnt[22] ; frequency_divider:bell_clk_3|cnt[22] ; clk          ; clk         ; 0.000        ; 0.000      ; 4.163      ;
; 3.967 ; frequency_divider:bell_clk_5|cnt[26] ; frequency_divider:bell_clk_5|cnt[26] ; clk          ; clk         ; 0.000        ; 0.000      ; 4.188      ;
; 3.973 ; frequency_divider:bell_clk_7|cnt[3]  ; frequency_divider:bell_clk_7|cnt[13] ; clk          ; clk         ; 0.000        ; 0.000      ; 4.194      ;
; 4.021 ; frequency_divider:bell_clk_3|cnt[25] ; frequency_divider:bell_clk_3|cnt[26] ; clk          ; clk         ; 0.000        ; 0.000      ; 4.242      ;
; 4.022 ; frequency_divider:bell_clk_4|cnt[25] ; frequency_divider:bell_clk_4|cnt[26] ; clk          ; clk         ; 0.000        ; 0.000      ; 4.243      ;
; 4.035 ; frequency_divider:bell_clk_7|cnt[6]  ; frequency_divider:bell_clk_7|cnt[6]  ; clk          ; clk         ; 0.000        ; 0.000      ; 4.256      ;
; 4.035 ; frequency_divider:bell_clk_2|cnt[23] ; frequency_divider:bell_clk_2|cnt[23] ; clk          ; clk         ; 0.000        ; 0.000      ; 4.256      ;
; 4.039 ; frequency_divider:bell_clk_2|cnt[19] ; frequency_divider:bell_clk_2|cnt[20] ; clk          ; clk         ; 0.000        ; 0.000      ; 4.260      ;
; 4.040 ; frequency_divider:bell_clk_6|cnt[19] ; frequency_divider:bell_clk_6|cnt[19] ; clk          ; clk         ; 0.000        ; 0.000      ; 4.261      ;
; 4.042 ; frequency_divider:bell_clk_5|cnt[4]  ; frequency_divider:bell_clk_5|cnt[4]  ; clk          ; clk         ; 0.000        ; 0.000      ; 4.263      ;
; 4.045 ; frequency_divider:bell_clk_2|cnt[26] ; frequency_divider:bell_clk_2|cnt[26] ; clk          ; clk         ; 0.000        ; 0.000      ; 4.266      ;
; 4.048 ; frequency_divider:bell_clk_6|cnt[25] ; frequency_divider:bell_clk_6|cnt[26] ; clk          ; clk         ; 0.000        ; 0.000      ; 4.269      ;
; 4.048 ; frequency_divider:bell_clk_7|cnt[26] ; frequency_divider:bell_clk_7|cnt[27] ; clk          ; clk         ; 0.000        ; 0.000      ; 4.269      ;
; 4.050 ; frequency_divider:bell_clk_2|cnt[4]  ; frequency_divider:bell_clk_2|cnt[5]  ; clk          ; clk         ; 0.000        ; 0.000      ; 4.271      ;
; 4.059 ; frequency_divider:bell_clk_1|cnt[23] ; frequency_divider:bell_clk_1|cnt[23] ; clk          ; clk         ; 0.000        ; 0.000      ; 4.280      ;
; 4.059 ; frequency_divider:bell_clk_3|cnt[21] ; frequency_divider:bell_clk_3|cnt[21] ; clk          ; clk         ; 0.000        ; 0.000      ; 4.280      ;
; 4.062 ; frequency_divider:bell_clk_6|cnt[21] ; frequency_divider:bell_clk_6|cnt[21] ; clk          ; clk         ; 0.000        ; 0.000      ; 4.283      ;
; 4.062 ; frequency_divider:bell_clk_4|cnt[23] ; frequency_divider:bell_clk_4|cnt[23] ; clk          ; clk         ; 0.000        ; 0.000      ; 4.283      ;
; 4.063 ; frequency_divider:bell_clk_4|cnt[26] ; frequency_divider:bell_clk_4|cnt[27] ; clk          ; clk         ; 0.000        ; 0.000      ; 4.284      ;
; 4.064 ; frequency_divider:bell_clk_3|cnt[19] ; frequency_divider:bell_clk_3|cnt[19] ; clk          ; clk         ; 0.000        ; 0.000      ; 4.285      ;
; 4.065 ; frequency_divider:bell_clk_7|cnt[13] ; frequency_divider:bell_clk_7|cnt[13] ; clk          ; clk         ; 0.000        ; 0.000      ; 4.286      ;
; 4.067 ; frequency_divider:bell_clk_6|cnt[26] ; frequency_divider:bell_clk_6|cnt[27] ; clk          ; clk         ; 0.000        ; 0.000      ; 4.288      ;
; 4.067 ; frequency_divider:bell_clk_3|cnt[26] ; frequency_divider:bell_clk_3|cnt[27] ; clk          ; clk         ; 0.000        ; 0.000      ; 4.288      ;
; 4.071 ; frequency_divider:bell_clk_6|cnt[20] ; frequency_divider:bell_clk_6|cnt[1]  ; clk          ; clk         ; 0.000        ; 0.000      ; 4.292      ;
; 4.075 ; frequency_divider:bell_clk_1|cnt[1]  ; frequency_divider:bell_clk_1|cnt[1]  ; clk          ; clk         ; 0.000        ; 0.000      ; 4.296      ;
; 4.076 ; frequency_divider:bell_clk_1|cnt[1]  ; frequency_divider:bell_clk_1|cnt[6]  ; clk          ; clk         ; 0.000        ; 0.000      ; 4.297      ;
+-------+--------------------------------------+--------------------------------------+--------------+-------------+--------------+------------+------------+


+-----------------------------------------------------------------------------------------------------------------------+
; Minimum Pulse Width: 'clk'                                                                                            ;
+--------+--------------+----------------+------------------+-------+------------+--------------------------------------+
; Slack  ; Actual Width ; Required Width ; Type             ; Clock ; Clock Edge ; Target                               ;
+--------+--------------+----------------+------------------+-------+------------+--------------------------------------+
; -2.289 ; 1.000        ; 3.289          ; Port Rate        ; clk   ; Rise       ; clk                                  ;
; 0.234  ; 0.500        ; 0.266          ; High Pulse Width ; clk   ; Rise       ; frequency_divider:bell_clk_1|clkout  ;
; 0.234  ; 0.500        ; 0.266          ; Low Pulse Width  ; clk   ; Rise       ; frequency_divider:bell_clk_1|clkout  ;
; 0.234  ; 0.500        ; 0.266          ; High Pulse Width ; clk   ; Rise       ; frequency_divider:bell_clk_1|cnt[0]  ;
; 0.234  ; 0.500        ; 0.266          ; Low Pulse Width  ; clk   ; Rise       ; frequency_divider:bell_clk_1|cnt[0]  ;
; 0.234  ; 0.500        ; 0.266          ; High Pulse Width ; clk   ; Rise       ; frequency_divider:bell_clk_1|cnt[10] ;
; 0.234  ; 0.500        ; 0.266          ; Low Pulse Width  ; clk   ; Rise       ; frequency_divider:bell_clk_1|cnt[10] ;
; 0.234  ; 0.500        ; 0.266          ; High Pulse Width ; clk   ; Rise       ; frequency_divider:bell_clk_1|cnt[11] ;
; 0.234  ; 0.500        ; 0.266          ; Low Pulse Width  ; clk   ; Rise       ; frequency_divider:bell_clk_1|cnt[11] ;
; 0.234  ; 0.500        ; 0.266          ; High Pulse Width ; clk   ; Rise       ; frequency_divider:bell_clk_1|cnt[12] ;
; 0.234  ; 0.500        ; 0.266          ; Low Pulse Width  ; clk   ; Rise       ; frequency_divider:bell_clk_1|cnt[12] ;
; 0.234  ; 0.500        ; 0.266          ; High Pulse Width ; clk   ; Rise       ; frequency_divider:bell_clk_1|cnt[13] ;
; 0.234  ; 0.500        ; 0.266          ; Low Pulse Width  ; clk   ; Rise       ; frequency_divider:bell_clk_1|cnt[13] ;
; 0.234  ; 0.500        ; 0.266          ; High Pulse Width ; clk   ; Rise       ; frequency_divider:bell_clk_1|cnt[14] ;
; 0.234  ; 0.500        ; 0.266          ; Low Pulse Width  ; clk   ; Rise       ; frequency_divider:bell_clk_1|cnt[14] ;
; 0.234  ; 0.500        ; 0.266          ; High Pulse Width ; clk   ; Rise       ; frequency_divider:bell_clk_1|cnt[15] ;
; 0.234  ; 0.500        ; 0.266          ; Low Pulse Width  ; clk   ; Rise       ; frequency_divider:bell_clk_1|cnt[15] ;
; 0.234  ; 0.500        ; 0.266          ; High Pulse Width ; clk   ; Rise       ; frequency_divider:bell_clk_1|cnt[16] ;
; 0.234  ; 0.500        ; 0.266          ; Low Pulse Width  ; clk   ; Rise       ; frequency_divider:bell_clk_1|cnt[16] ;
; 0.234  ; 0.500        ; 0.266          ; High Pulse Width ; clk   ; Rise       ; frequency_divider:bell_clk_1|cnt[17] ;
; 0.234  ; 0.500        ; 0.266          ; Low Pulse Width  ; clk   ; Rise       ; frequency_divider:bell_clk_1|cnt[17] ;
; 0.234  ; 0.500        ; 0.266          ; High Pulse Width ; clk   ; Rise       ; frequency_divider:bell_clk_1|cnt[18] ;
; 0.234  ; 0.500        ; 0.266          ; Low Pulse Width  ; clk   ; Rise       ; frequency_divider:bell_clk_1|cnt[18] ;
; 0.234  ; 0.500        ; 0.266          ; High Pulse Width ; clk   ; Rise       ; frequency_divider:bell_clk_1|cnt[19] ;
; 0.234  ; 0.500        ; 0.266          ; Low Pulse Width  ; clk   ; Rise       ; frequency_divider:bell_clk_1|cnt[19] ;
; 0.234  ; 0.500        ; 0.266          ; High Pulse Width ; clk   ; Rise       ; frequency_divider:bell_clk_1|cnt[1]  ;
; 0.234  ; 0.500        ; 0.266          ; Low Pulse Width  ; clk   ; Rise       ; frequency_divider:bell_clk_1|cnt[1]  ;
; 0.234  ; 0.500        ; 0.266          ; High Pulse Width ; clk   ; Rise       ; frequency_divider:bell_clk_1|cnt[20] ;
; 0.234  ; 0.500        ; 0.266          ; Low Pulse Width  ; clk   ; Rise       ; frequency_divider:bell_clk_1|cnt[20] ;
; 0.234  ; 0.500        ; 0.266          ; High Pulse Width ; clk   ; Rise       ; frequency_divider:bell_clk_1|cnt[21] ;
; 0.234  ; 0.500        ; 0.266          ; Low Pulse Width  ; clk   ; Rise       ; frequency_divider:bell_clk_1|cnt[21] ;
; 0.234  ; 0.500        ; 0.266          ; High Pulse Width ; clk   ; Rise       ; frequency_divider:bell_clk_1|cnt[22] ;
; 0.234  ; 0.500        ; 0.266          ; Low Pulse Width  ; clk   ; Rise       ; frequency_divider:bell_clk_1|cnt[22] ;
; 0.234  ; 0.500        ; 0.266          ; High Pulse Width ; clk   ; Rise       ; frequency_divider:bell_clk_1|cnt[23] ;
; 0.234  ; 0.500        ; 0.266          ; Low Pulse Width  ; clk   ; Rise       ; frequency_divider:bell_clk_1|cnt[23] ;
; 0.234  ; 0.500        ; 0.266          ; High Pulse Width ; clk   ; Rise       ; frequency_divider:bell_clk_1|cnt[24] ;
; 0.234  ; 0.500        ; 0.266          ; Low Pulse Width  ; clk   ; Rise       ; frequency_divider:bell_clk_1|cnt[24] ;
; 0.234  ; 0.500        ; 0.266          ; High Pulse Width ; clk   ; Rise       ; frequency_divider:bell_clk_1|cnt[25] ;
; 0.234  ; 0.500        ; 0.266          ; Low Pulse Width  ; clk   ; Rise       ; frequency_divider:bell_clk_1|cnt[25] ;
; 0.234  ; 0.500        ; 0.266          ; High Pulse Width ; clk   ; Rise       ; frequency_divider:bell_clk_1|cnt[26] ;
; 0.234  ; 0.500        ; 0.266          ; Low Pulse Width  ; clk   ; Rise       ; frequency_divider:bell_clk_1|cnt[26] ;
; 0.234  ; 0.500        ; 0.266          ; High Pulse Width ; clk   ; Rise       ; frequency_divider:bell_clk_1|cnt[27] ;
; 0.234  ; 0.500        ; 0.266          ; Low Pulse Width  ; clk   ; Rise       ; frequency_divider:bell_clk_1|cnt[27] ;
; 0.234  ; 0.500        ; 0.266          ; High Pulse Width ; clk   ; Rise       ; frequency_divider:bell_clk_1|cnt[2]  ;
; 0.234  ; 0.500        ; 0.266          ; Low Pulse Width  ; clk   ; Rise       ; frequency_divider:bell_clk_1|cnt[2]  ;
; 0.234  ; 0.500        ; 0.266          ; High Pulse Width ; clk   ; Rise       ; frequency_divider:bell_clk_1|cnt[3]  ;
; 0.234  ; 0.500        ; 0.266          ; Low Pulse Width  ; clk   ; Rise       ; frequency_divider:bell_clk_1|cnt[3]  ;
; 0.234  ; 0.500        ; 0.266          ; High Pulse Width ; clk   ; Rise       ; frequency_divider:bell_clk_1|cnt[4]  ;
; 0.234  ; 0.500        ; 0.266          ; Low Pulse Width  ; clk   ; Rise       ; frequency_divider:bell_clk_1|cnt[4]  ;
; 0.234  ; 0.500        ; 0.266          ; High Pulse Width ; clk   ; Rise       ; frequency_divider:bell_clk_1|cnt[5]  ;
; 0.234  ; 0.500        ; 0.266          ; Low Pulse Width  ; clk   ; Rise       ; frequency_divider:bell_clk_1|cnt[5]  ;
; 0.234  ; 0.500        ; 0.266          ; High Pulse Width ; clk   ; Rise       ; frequency_divider:bell_clk_1|cnt[6]  ;
; 0.234  ; 0.500        ; 0.266          ; Low Pulse Width  ; clk   ; Rise       ; frequency_divider:bell_clk_1|cnt[6]  ;
; 0.234  ; 0.500        ; 0.266          ; High Pulse Width ; clk   ; Rise       ; frequency_divider:bell_clk_1|cnt[7]  ;
; 0.234  ; 0.500        ; 0.266          ; Low Pulse Width  ; clk   ; Rise       ; frequency_divider:bell_clk_1|cnt[7]  ;
; 0.234  ; 0.500        ; 0.266          ; High Pulse Width ; clk   ; Rise       ; frequency_divider:bell_clk_1|cnt[8]  ;
; 0.234  ; 0.500        ; 0.266          ; Low Pulse Width  ; clk   ; Rise       ; frequency_divider:bell_clk_1|cnt[8]  ;
; 0.234  ; 0.500        ; 0.266          ; High Pulse Width ; clk   ; Rise       ; frequency_divider:bell_clk_1|cnt[9]  ;
; 0.234  ; 0.500        ; 0.266          ; Low Pulse Width  ; clk   ; Rise       ; frequency_divider:bell_clk_1|cnt[9]  ;
; 0.234  ; 0.500        ; 0.266          ; High Pulse Width ; clk   ; Rise       ; frequency_divider:bell_clk_2|clkout  ;
; 0.234  ; 0.500        ; 0.266          ; Low Pulse Width  ; clk   ; Rise       ; frequency_divider:bell_clk_2|clkout  ;
; 0.234  ; 0.500        ; 0.266          ; High Pulse Width ; clk   ; Rise       ; frequency_divider:bell_clk_2|cnt[0]  ;
; 0.234  ; 0.500        ; 0.266          ; Low Pulse Width  ; clk   ; Rise       ; frequency_divider:bell_clk_2|cnt[0]  ;
; 0.234  ; 0.500        ; 0.266          ; High Pulse Width ; clk   ; Rise       ; frequency_divider:bell_clk_2|cnt[10] ;
; 0.234  ; 0.500        ; 0.266          ; Low Pulse Width  ; clk   ; Rise       ; frequency_divider:bell_clk_2|cnt[10] ;
; 0.234  ; 0.500        ; 0.266          ; High Pulse Width ; clk   ; Rise       ; frequency_divider:bell_clk_2|cnt[11] ;
; 0.234  ; 0.500        ; 0.266          ; Low Pulse Width  ; clk   ; Rise       ; frequency_divider:bell_clk_2|cnt[11] ;
; 0.234  ; 0.500        ; 0.266          ; High Pulse Width ; clk   ; Rise       ; frequency_divider:bell_clk_2|cnt[12] ;
; 0.234  ; 0.500        ; 0.266          ; Low Pulse Width  ; clk   ; Rise       ; frequency_divider:bell_clk_2|cnt[12] ;
; 0.234  ; 0.500        ; 0.266          ; High Pulse Width ; clk   ; Rise       ; frequency_divider:bell_clk_2|cnt[13] ;
; 0.234  ; 0.500        ; 0.266          ; Low Pulse Width  ; clk   ; Rise       ; frequency_divider:bell_clk_2|cnt[13] ;
; 0.234  ; 0.500        ; 0.266          ; High Pulse Width ; clk   ; Rise       ; frequency_divider:bell_clk_2|cnt[14] ;
; 0.234  ; 0.500        ; 0.266          ; Low Pulse Width  ; clk   ; Rise       ; frequency_divider:bell_clk_2|cnt[14] ;
; 0.234  ; 0.500        ; 0.266          ; High Pulse Width ; clk   ; Rise       ; frequency_divider:bell_clk_2|cnt[15] ;
; 0.234  ; 0.500        ; 0.266          ; Low Pulse Width  ; clk   ; Rise       ; frequency_divider:bell_clk_2|cnt[15] ;
; 0.234  ; 0.500        ; 0.266          ; High Pulse Width ; clk   ; Rise       ; frequency_divider:bell_clk_2|cnt[16] ;
; 0.234  ; 0.500        ; 0.266          ; Low Pulse Width  ; clk   ; Rise       ; frequency_divider:bell_clk_2|cnt[16] ;
; 0.234  ; 0.500        ; 0.266          ; High Pulse Width ; clk   ; Rise       ; frequency_divider:bell_clk_2|cnt[17] ;
; 0.234  ; 0.500        ; 0.266          ; Low Pulse Width  ; clk   ; Rise       ; frequency_divider:bell_clk_2|cnt[17] ;
; 0.234  ; 0.500        ; 0.266          ; High Pulse Width ; clk   ; Rise       ; frequency_divider:bell_clk_2|cnt[18] ;
; 0.234  ; 0.500        ; 0.266          ; Low Pulse Width  ; clk   ; Rise       ; frequency_divider:bell_clk_2|cnt[18] ;
; 0.234  ; 0.500        ; 0.266          ; High Pulse Width ; clk   ; Rise       ; frequency_divider:bell_clk_2|cnt[19] ;
; 0.234  ; 0.500        ; 0.266          ; Low Pulse Width  ; clk   ; Rise       ; frequency_divider:bell_clk_2|cnt[19] ;
; 0.234  ; 0.500        ; 0.266          ; High Pulse Width ; clk   ; Rise       ; frequency_divider:bell_clk_2|cnt[1]  ;
; 0.234  ; 0.500        ; 0.266          ; Low Pulse Width  ; clk   ; Rise       ; frequency_divider:bell_clk_2|cnt[1]  ;
; 0.234  ; 0.500        ; 0.266          ; High Pulse Width ; clk   ; Rise       ; frequency_divider:bell_clk_2|cnt[20] ;
; 0.234  ; 0.500        ; 0.266          ; Low Pulse Width  ; clk   ; Rise       ; frequency_divider:bell_clk_2|cnt[20] ;
; 0.234  ; 0.500        ; 0.266          ; High Pulse Width ; clk   ; Rise       ; frequency_divider:bell_clk_2|cnt[21] ;
; 0.234  ; 0.500        ; 0.266          ; Low Pulse Width  ; clk   ; Rise       ; frequency_divider:bell_clk_2|cnt[21] ;
; 0.234  ; 0.500        ; 0.266          ; High Pulse Width ; clk   ; Rise       ; frequency_divider:bell_clk_2|cnt[22] ;
; 0.234  ; 0.500        ; 0.266          ; Low Pulse Width  ; clk   ; Rise       ; frequency_divider:bell_clk_2|cnt[22] ;
; 0.234  ; 0.500        ; 0.266          ; High Pulse Width ; clk   ; Rise       ; frequency_divider:bell_clk_2|cnt[23] ;
; 0.234  ; 0.500        ; 0.266          ; Low Pulse Width  ; clk   ; Rise       ; frequency_divider:bell_clk_2|cnt[23] ;
; 0.234  ; 0.500        ; 0.266          ; High Pulse Width ; clk   ; Rise       ; frequency_divider:bell_clk_2|cnt[24] ;
; 0.234  ; 0.500        ; 0.266          ; Low Pulse Width  ; clk   ; Rise       ; frequency_divider:bell_clk_2|cnt[24] ;
; 0.234  ; 0.500        ; 0.266          ; High Pulse Width ; clk   ; Rise       ; frequency_divider:bell_clk_2|cnt[25] ;
; 0.234  ; 0.500        ; 0.266          ; Low Pulse Width  ; clk   ; Rise       ; frequency_divider:bell_clk_2|cnt[25] ;
; 0.234  ; 0.500        ; 0.266          ; High Pulse Width ; clk   ; Rise       ; frequency_divider:bell_clk_2|cnt[26] ;
; 0.234  ; 0.500        ; 0.266          ; Low Pulse Width  ; clk   ; Rise       ; frequency_divider:bell_clk_2|cnt[26] ;
; 0.234  ; 0.500        ; 0.266          ; High Pulse Width ; clk   ; Rise       ; frequency_divider:bell_clk_2|cnt[27] ;
+--------+--------------+----------------+------------------+-------+------------+--------------------------------------+


+-----------------------------------------------------------------------------+
; Clock to Output Times                                                       ;
+---------------+------------+--------+--------+------------+-----------------+
; Data Port     ; Clock Port ; Rise   ; Fall   ; Clock Edge ; Clock Reference ;
+---------------+------------+--------+--------+------------+-----------------+
; frequncy_bell ; clk        ; 13.752 ; 13.752 ; Rise       ; clk             ;
+---------------+------------+--------+--------+------------+-----------------+


+-----------------------------------------------------------------------------+
; Minimum Clock to Output Times                                               ;
+---------------+------------+--------+--------+------------+-----------------+
; Data Port     ; Clock Port ; Rise   ; Fall   ; Clock Edge ; Clock Reference ;
+---------------+------------+--------+--------+------------+-----------------+
; frequncy_bell ; clk        ; 12.711 ; 12.711 ; Rise       ; clk             ;
+---------------+------------+--------+--------+------------+-----------------+


+----------------------------------------------------------+
; Propagation Delay                                        ;
+--------------+---------------+--------+----+----+--------+
; Input Port   ; Output Port   ; RR     ; RF ; FR ; FF     ;
+--------------+---------------+--------+----+----+--------+
; bell_code[0] ; frequncy_bell ; 11.479 ;    ;    ; 11.479 ;
; bell_code[1] ; frequncy_bell ; 11.660 ;    ;    ; 11.660 ;
; bell_code[2] ; frequncy_bell ; 8.041  ;    ;    ; 8.041  ;
; bell_pulse   ; frequncy_bell ; 11.244 ;    ;    ; 11.244 ;
+--------------+---------------+--------+----+----+--------+


+----------------------------------------------------------+
; Minimum Propagation Delay                                ;
+--------------+---------------+--------+----+----+--------+
; Input Port   ; Output Port   ; RR     ; RF ; FR ; FF     ;
+--------------+---------------+--------+----+----+--------+
; bell_code[0] ; frequncy_bell ; 9.117  ;    ;    ; 9.117  ;
; bell_code[1] ; frequncy_bell ; 9.715  ;    ;    ; 9.715  ;
; bell_code[2] ; frequncy_bell ; 8.041  ;    ;    ; 8.041  ;
; bell_pulse   ; frequncy_bell ; 11.244 ;    ;    ; 11.244 ;
+--------------+---------------+--------+----+----+--------+


+-------------------------------------------------------------------+
; Setup Transfers                                                   ;
+------------+----------+----------+----------+----------+----------+
; From Clock ; To Clock ; RR Paths ; FR Paths ; RF Paths ; FF Paths ;
+------------+----------+----------+----------+----------+----------+
; clk        ; clk      ; 6677     ; 0        ; 0        ; 0        ;
+------------+----------+----------+----------+----------+----------+
Entries labeled "false path" only account for clock-to-clock false paths and not path-based false paths. As a result, actual path counts may be lower than reported.


+-------------------------------------------------------------------+
; Hold Transfers                                                    ;
+------------+----------+----------+----------+----------+----------+
; From Clock ; To Clock ; RR Paths ; FR Paths ; RF Paths ; FF Paths ;
+------------+----------+----------+----------+----------+----------+
; clk        ; clk      ; 6677     ; 0        ; 0        ; 0        ;
+------------+----------+----------+----------+----------+----------+
Entries labeled "false path" only account for clock-to-clock false paths and not path-based false paths. As a result, actual path counts may be lower than reported.


---------------
; Report TCCS ;
---------------
No dedicated SERDES Transmitter circuitry present in device or used in design


---------------
; Report RSKM ;
---------------
No non-DPA dedicated SERDES Receiver circuitry present in device or used in design


+------------------------------------------------+
; Unconstrained Paths                            ;
+---------------------------------+-------+------+
; Property                        ; Setup ; Hold ;
+---------------------------------+-------+------+
; Illegal Clocks                  ; 0     ; 0    ;
; Unconstrained Clocks            ; 0     ; 0    ;
; Unconstrained Input Ports       ; 4     ; 4    ;
; Unconstrained Input Port Paths  ; 4     ; 4    ;
; Unconstrained Output Ports      ; 1     ; 1    ;
; Unconstrained Output Port Paths ; 11    ; 11   ;
+---------------------------------+-------+------+


+------------------------------------+
; TimeQuest Timing Analyzer Messages ;
+------------------------------------+
Info: *******************************************************************
Info: Running Quartus II 64-Bit TimeQuest Timing Analyzer
    Info: Version 15.0.0 Build 145 04/22/2015 SJ Web Edition
    Info: Processing started: Wed Dec 12 21:57:27 2018
Info: Command: quartus_sta bell -c bell
Info: qsta_default_script.tcl version: #11
Info (11104): Parallel Compilation has detected 8 hyper-threaded processors. However, the extra hyper-threaded processors will not be used by default. Parallel Compilation will use 4 of the 4 physical processors detected instead.
Info (21077): Low junction temperature is 0 degrees C
Info (21077): High junction temperature is 85 degrees C
Info (306004): Started post-fitting delay annotation
Info (306005): Delay annotation completed successfully
Critical Warning (332012): Synopsys Design Constraints File file not found: 'bell.sdc'. A Synopsys Design Constraints File is required by the TimeQuest Timing Analyzer to get proper timing constraints. Without it, the Compiler will not properly optimize the design.
Info (332142): No user constrained base clocks found in the design. Calling "derive_clocks -period 1.0"
Info (332105): Deriving Clocks
    Info (332105): create_clock -period 1.000 -name clk clk
Info: Found TIMEQUEST_REPORT_SCRIPT_INCLUDE_DEFAULT_ANALYSIS = ON
Info: Can't run Report Timing Closure Recommendations. The current device family is not supported.
Critical Warning (332148): Timing requirements not met
Info (332146): Worst-case setup slack is -8.769
    Info (332119):     Slack       End Point TNS Clock 
    Info (332119): ========= =================== =====================
    Info (332119):    -8.769           -1412.538 clk 
Info (332146): Worst-case hold slack is 1.649
    Info (332119):     Slack       End Point TNS Clock 
    Info (332119): ========= =================== =====================
    Info (332119):     1.649               0.000 clk 
Info (332140): No Recovery paths to report
Info (332140): No Removal paths to report
Info (332146): Worst-case minimum pulse width slack is -2.289
    Info (332119):     Slack       End Point TNS Clock 
    Info (332119): ========= =================== =====================
    Info (332119):    -2.289              -2.289 clk 
Info (332001): The selected device family is not supported by the report_metastability command.
Info (332102): Design is not fully constrained for setup requirements
Info (332102): Design is not fully constrained for hold requirements
Info: Quartus II 64-Bit TimeQuest Timing Analyzer was successful. 0 errors, 2 warnings
    Info: Peak virtual memory: 4813 megabytes
    Info: Processing ended: Wed Dec 12 21:57:29 2018
    Info: Elapsed time: 00:00:02
    Info: Total CPU time (on all processors): 00:00:02


