Flow report for selecing_machine_startup_tb
Fri Dec 07 14:24:33 2018
Quartus II 64-Bit Version 15.0.0 Build 145 04/22/2015 SJ Web Edition


---------------------
; Table of Contents ;
---------------------
  1. Legal Notice
  2. Flow Summary
  3. Flow Settings
  4. Flow Non-Default Global Settings
  5. Flow Elapsed Time
  6. Flow OS Summary
  7. Flow Log
  8. Flow Messages
  9. Flow Suppressed Messages



----------------
; Legal Notice ;
----------------
Copyright (C) 1991-2015 Altera Corporation. All rights reserved.
Your use of Altera Corporation's design tools, logic functions 
and other software and tools, and its AMPP partner logic 
functions, and any output files from any of the foregoing 
(including device programming or simulation files), and any 
associated documentation or information are expressly subject 
to the terms and conditions of the Altera Program License 
Subscription Agreement, the Altera Quartus II License Agreement,
the Altera MegaCore Function License Agreement, or other 
applicable license agreement, including, without limitation, 
that your use is for the sole purpose of programming logic 
devices manufactured by Altera and sold by Altera or its 
authorized distributors.  Please refer to the applicable 
agreement for further details.



+------------------------------------------------------------------------+
; Flow Summary                                                           ;
+---------------------------+--------------------------------------------+
; Flow Status               ; Successful - Fri Dec 07 14:24:33 2018      ;
; Quartus II 64-Bit Version ; 15.0.0 Build 145 04/22/2015 SJ Web Edition ;
; Revision Name             ; selecing_machine_startup_tb                ;
; Top-level Entity Name     ; selecting_machine_startup_test_tb          ;
; Family                    ; MAX II                                     ;
; Device                    ; EPM1270T144C5                              ;
; Timing Models             ; Final                                      ;
; Total logic elements      ; 0 / 1,270 ( 0 % )                          ;
; Total pins                ; 32 / 116 ( 28 % )                          ;
; Total virtual pins        ; 0                                          ;
; UFM blocks                ; 0 / 1 ( 0 % )                              ;
+---------------------------+--------------------------------------------+


+-------------------------------------------------+
; Flow Settings                                   ;
+-------------------+-----------------------------+
; Option            ; Setting                     ;
+-------------------+-----------------------------+
; Start date & time ; 12/07/2018 14:24:07         ;
; Main task         ; Compilation                 ;
; Revision Name     ; selecing_machine_startup_tb ;
+-------------------+-----------------------------+


+----------------------------------------------------------------------------------------------------------------------------------------+
; Flow Non-Default Global Settings                                                                                                       ;
+---------------------------------------+-----------------------------------+-----------------------------+-------------+----------------+
; Assignment Name                       ; Value                             ; Default Value               ; Entity Name ; Section Id     ;
+---------------------------------------+-----------------------------------+-----------------------------+-------------+----------------+
; COMPILER_SIGNATURE_ID                 ; 154027276792061.154416384618840   ; --                          ; --          ; --             ;
; EDA_OUTPUT_DATA_FORMAT                ; Verilog Hdl                       ; --                          ; --          ; eda_simulation ;
; EDA_SIMULATION_TOOL                   ; ModelSim-Altera (Verilog)         ; <None>                      ; --          ; --             ;
; MAX_CORE_JUNCTION_TEMP                ; 85                                ; --                          ; --          ; --             ;
; MIN_CORE_JUNCTION_TEMP                ; 0                                 ; --                          ; --          ; --             ;
; POWER_EXT_SUPPLY_VOLTAGE_TO_REGULATOR ; 3.3V                              ; --                          ; --          ; --             ;
; POWER_PRESET_COOLING_SOLUTION         ; No Heat Sink With Still Air       ; --                          ; --          ; --             ;
; PROJECT_OUTPUT_DIRECTORY              ; output_files                      ; --                          ; --          ; --             ;
; TOP_LEVEL_ENTITY                      ; selecting_machine_startup_test_tb ; selecing_machine_startup_tb ; --          ; --             ;
+---------------------------------------+-----------------------------------+-----------------------------+-------------+----------------+


+-------------------------------------------------------------------------------------------------------------------------------+
; Flow Elapsed Time                                                                                                             ;
+---------------------------+--------------+-------------------------+---------------------+------------------------------------+
; Module Name               ; Elapsed Time ; Average Processors Used ; Peak Virtual Memory ; Total CPU Time (on all processors) ;
+---------------------------+--------------+-------------------------+---------------------+------------------------------------+
; Analysis & Synthesis      ; 00:00:12     ; 1.0                     ; 4809 MB             ; 00:00:27                           ;
; Fitter                    ; 00:00:02     ; 1.0                     ; 5500 MB             ; 00:00:02                           ;
; Assembler                 ; 00:00:01     ; 1.0                     ; 4750 MB             ; 00:00:01                           ;
; TimeQuest Timing Analyzer ; 00:00:02     ; 1.0                     ; 4807 MB             ; 00:00:01                           ;
; EDA Netlist Writer        ; 00:00:01     ; 1.0                     ; 4710 MB             ; 00:00:01                           ;
; Total                     ; 00:00:18     ; --                      ; --                  ; 00:00:32                           ;
+---------------------------+--------------+-------------------------+---------------------+------------------------------------+


+----------------------------------------------------------------------------------------+
; Flow OS Summary                                                                        ;
+---------------------------+------------------+-----------+------------+----------------+
; Module Name               ; Machine Hostname ; OS Name   ; OS Version ; Processor type ;
+---------------------------+------------------+-----------+------------+----------------+
; Analysis & Synthesis      ; DESKTOP-J2F7MVF  ; Windows 7 ; 6.2        ; x86_64         ;
; Fitter                    ; DESKTOP-J2F7MVF  ; Windows 7 ; 6.2        ; x86_64         ;
; Assembler                 ; DESKTOP-J2F7MVF  ; Windows 7 ; 6.2        ; x86_64         ;
; TimeQuest Timing Analyzer ; DESKTOP-J2F7MVF  ; Windows 7 ; 6.2        ; x86_64         ;
; EDA Netlist Writer        ; DESKTOP-J2F7MVF  ; Windows 7 ; 6.2        ; x86_64         ;
+---------------------------+------------------+-----------+------------+----------------+


------------
; Flow Log ;
------------
quartus_map --read_settings_files=on --write_settings_files=off selecing_machine_startup_tb -c selecing_machine_startup_tb
quartus_fit --read_settings_files=off --write_settings_files=off selecing_machine_startup_tb -c selecing_machine_startup_tb
quartus_asm --read_settings_files=off --write_settings_files=off selecing_machine_startup_tb -c selecing_machine_startup_tb
quartus_sta selecing_machine_startup_tb -c selecing_machine_startup_tb
quartus_eda --read_settings_files=off --write_settings_files=off selecing_machine_startup_tb -c selecing_machine_startup_tb



