Analysis & Synthesis report for colorful_breath_led_pro
Tue Nov 27 10:08:11 2018
Quartus Prime Version 18.1.0 Build 625 09/12/2018 SJ Lite Edition


---------------------
; Table of Contents ;
---------------------
  1. Legal Notice
  2. Analysis & Synthesis Summary
  3. Analysis & Synthesis Settings
  4. Parallel Compilation
  5. Analysis & Synthesis Source Files Read
  6. Analysis & Synthesis Resource Usage Summary
  7. Analysis & Synthesis Resource Utilization by Entity
  8. Registers Removed During Synthesis
  9. General Register Statistics
 10. Inverted Register Statistics
 11. Multiplexer Restructuring Statistics (Restructuring Performed)
 12. Parameter Settings for User Entity Instance: debounce:u4
 13. Parameter Settings for User Entity Instance: breath_led_and_led_test:u3
 14. Parameter Settings for Inferred Entity Instance: breath_led:u1|lpm_mult:Mult0
 15. Parameter Settings for Inferred Entity Instance: breath_led:u2|lpm_mult:Mult0
 16. lpm_mult Parameter Settings by Entity Instance
 17. Post-Synthesis Netlist Statistics for Top Partition
 18. Elapsed Time Per Partition
 19. Analysis & Synthesis Messages
 20. Analysis & Synthesis Suppressed Messages



----------------
; Legal Notice ;
----------------
Copyright (C) 2018  Intel Corporation. All rights reserved.
Your use of Intel Corporation's design tools, logic functions 
and other software and tools, and its AMPP partner logic 
functions, and any output files from any of the foregoing 
(including device programming or simulation files), and any 
associated documentation or information are expressly subject 
to the terms and conditions of the Intel Program License 
Subscription Agreement, the Intel Quartus Prime License Agreement,
the Intel FPGA IP License Agreement, or other applicable license
agreement, including, without limitation, that your use is for
the sole purpose of programming logic devices manufactured by
Intel and sold by Intel or its authorized distributors.  Please
refer to the applicable agreement for further details.



+----------------------------------------------------------------------------------+
; Analysis & Synthesis Summary                                                     ;
+------------------------------------+---------------------------------------------+
; Analysis & Synthesis Status        ; Successful - Tue Nov 27 10:08:11 2018       ;
; Quartus Prime Version              ; 18.1.0 Build 625 09/12/2018 SJ Lite Edition ;
; Revision Name                      ; colorful_breath_led_pro                     ;
; Top-level Entity Name              ; colorful_breath_led_pro                     ;
; Family                             ; Cyclone IV E                                ;
; Total logic elements               ; 570                                         ;
;     Total combinational functions  ; 563                                         ;
;     Dedicated logic registers      ; 219                                         ;
; Total registers                    ; 219                                         ;
; Total pins                         ; 35                                          ;
; Total virtual pins                 ; 0                                           ;
; Total memory bits                  ; 0                                           ;
; Embedded Multiplier 9-bit elements ; 0                                           ;
; Total PLLs                         ; 0                                           ;
+------------------------------------+---------------------------------------------+


+----------------------------------------------------------------------------------------------------------------------+
; Analysis & Synthesis Settings                                                                                        ;
+------------------------------------------------------------------+-------------------------+-------------------------+
; Option                                                           ; Setting                 ; Default Value           ;
+------------------------------------------------------------------+-------------------------+-------------------------+
; Device                                                           ; EP4CE6F17C8             ;                         ;
; Top-level entity name                                            ; colorful_breath_led_pro ; colorful_breath_led_pro ;
; Family name                                                      ; Cyclone IV E            ; Cyclone V               ;
; Use smart compilation                                            ; Off                     ; Off                     ;
; Enable parallel Assembler and Timing Analyzer during compilation ; On                      ; On                      ;
; Enable compact report table                                      ; Off                     ; Off                     ;
; Restructure Multiplexers                                         ; Auto                    ; Auto                    ;
; Create Debugging Nodes for IP Cores                              ; Off                     ; Off                     ;
; Preserve fewer node names                                        ; On                      ; On                      ;
; Intel FPGA IP Evaluation Mode                                    ; Enable                  ; Enable                  ;
; Verilog Version                                                  ; Verilog_2001            ; Verilog_2001            ;
; VHDL Version                                                     ; VHDL_1993               ; VHDL_1993               ;
; State Machine Processing                                         ; Auto                    ; Auto                    ;
; Safe State Machine                                               ; Off                     ; Off                     ;
; Extract Verilog State Machines                                   ; On                      ; On                      ;
; Extract VHDL State Machines                                      ; On                      ; On                      ;
; Ignore Verilog initial constructs                                ; Off                     ; Off                     ;
; Iteration limit for constant Verilog loops                       ; 5000                    ; 5000                    ;
; Iteration limit for non-constant Verilog loops                   ; 250                     ; 250                     ;
; Add Pass-Through Logic to Inferred RAMs                          ; On                      ; On                      ;
; Infer RAMs from Raw Logic                                        ; On                      ; On                      ;
; Parallel Synthesis                                               ; On                      ; On                      ;
; DSP Block Balancing                                              ; Auto                    ; Auto                    ;
; NOT Gate Push-Back                                               ; On                      ; On                      ;
; Power-Up Don't Care                                              ; On                      ; On                      ;
; Remove Redundant Logic Cells                                     ; Off                     ; Off                     ;
; Remove Duplicate Registers                                       ; On                      ; On                      ;
; Ignore CARRY Buffers                                             ; Off                     ; Off                     ;
; Ignore CASCADE Buffers                                           ; Off                     ; Off                     ;
; Ignore GLOBAL Buffers                                            ; Off                     ; Off                     ;
; Ignore ROW GLOBAL Buffers                                        ; Off                     ; Off                     ;
; Ignore LCELL Buffers                                             ; Off                     ; Off                     ;
; Ignore SOFT Buffers                                              ; On                      ; On                      ;
; Limit AHDL Integers to 32 Bits                                   ; Off                     ; Off                     ;
; Optimization Technique                                           ; Balanced                ; Balanced                ;
; Carry Chain Length                                               ; 70                      ; 70                      ;
; Auto Carry Chains                                                ; On                      ; On                      ;
; Auto Open-Drain Pins                                             ; On                      ; On                      ;
; Perform WYSIWYG Primitive Resynthesis                            ; Off                     ; Off                     ;
; Auto ROM Replacement                                             ; On                      ; On                      ;
; Auto RAM Replacement                                             ; On                      ; On                      ;
; Auto DSP Block Replacement                                       ; On                      ; On                      ;
; Auto Shift Register Replacement                                  ; Auto                    ; Auto                    ;
; Allow Shift Register Merging across Hierarchies                  ; Auto                    ; Auto                    ;
; Auto Clock Enable Replacement                                    ; On                      ; On                      ;
; Strict RAM Replacement                                           ; Off                     ; Off                     ;
; Allow Synchronous Control Signals                                ; On                      ; On                      ;
; Force Use of Synchronous Clear Signals                           ; Off                     ; Off                     ;
; Auto RAM Block Balancing                                         ; On                      ; On                      ;
; Auto RAM to Logic Cell Conversion                                ; Off                     ; Off                     ;
; Auto Resource Sharing                                            ; Off                     ; Off                     ;
; Allow Any RAM Size For Recognition                               ; Off                     ; Off                     ;
; Allow Any ROM Size For Recognition                               ; Off                     ; Off                     ;
; Allow Any Shift Register Size For Recognition                    ; Off                     ; Off                     ;
; Use LogicLock Constraints during Resource Balancing              ; On                      ; On                      ;
; Ignore translate_off and synthesis_off directives                ; Off                     ; Off                     ;
; Timing-Driven Synthesis                                          ; On                      ; On                      ;
; Report Parameter Settings                                        ; On                      ; On                      ;
; Report Source Assignments                                        ; On                      ; On                      ;
; Report Connectivity Checks                                       ; On                      ; On                      ;
; Ignore Maximum Fan-Out Assignments                               ; Off                     ; Off                     ;
; Synchronization Register Chain Length                            ; 2                       ; 2                       ;
; Power Optimization During Synthesis                              ; Normal compilation      ; Normal compilation      ;
; HDL message level                                                ; Level2                  ; Level2                  ;
; Suppress Register Optimization Related Messages                  ; Off                     ; Off                     ;
; Number of Removed Registers Reported in Synthesis Report         ; 5000                    ; 5000                    ;
; Number of Swept Nodes Reported in Synthesis Report               ; 5000                    ; 5000                    ;
; Number of Inverted Registers Reported in Synthesis Report        ; 100                     ; 100                     ;
; Clock MUX Protection                                             ; On                      ; On                      ;
; Auto Gated Clock Conversion                                      ; Off                     ; Off                     ;
; Block Design Naming                                              ; Auto                    ; Auto                    ;
; SDC constraint protection                                        ; Off                     ; Off                     ;
; Synthesis Effort                                                 ; Auto                    ; Auto                    ;
; Shift Register Replacement - Allow Asynchronous Clear Signal     ; On                      ; On                      ;
; Pre-Mapping Resynthesis Optimization                             ; Off                     ; Off                     ;
; Analysis & Synthesis Message Level                               ; Medium                  ; Medium                  ;
; Disable Register Merging Across Hierarchies                      ; Auto                    ; Auto                    ;
; Resource Aware Inference For Block RAM                           ; On                      ; On                      ;
+------------------------------------------------------------------+-------------------------+-------------------------+


+------------------------------------------+
; Parallel Compilation                     ;
+----------------------------+-------------+
; Processors                 ; Number      ;
+----------------------------+-------------+
; Number detected on machine ; 8           ;
; Maximum allowed            ; 4           ;
;                            ;             ;
; Average used               ; 1.00        ;
; Maximum used               ; 4           ;
;                            ;             ;
; Usage by Processor         ; % Time Used ;
;     Processor 1            ; 100.0%      ;
;     Processors 2-4         ;   0.0%      ;
+----------------------------+-------------+


+-----------------------------------------------------------------------------------------------------------------------------------------------------------------------+
; Analysis & Synthesis Source Files Read                                                                                                                                ;
+----------------------------------+-----------------+------------------------+-------------------------------------------------------------------------------+---------+
; File Name with User-Entered Path ; Used in Netlist ; File Type              ; File Name with Absolute Path                                                  ; Library ;
+----------------------------------+-----------------+------------------------+-------------------------------------------------------------------------------+---------+
; colorful_breath_led_pro.v        ; yes             ; User Verilog HDL File  ; E:/prime_for_FPGA/Lite/demo/colorful_breath_led_pro/colorful_breath_led_pro.v ;         ;
; lpm_mult.tdf                     ; yes             ; Megafunction           ; e:/prime_for_fpga/lite/quartus/libraries/megafunctions/lpm_mult.tdf           ;         ;
; aglobal181.inc                   ; yes             ; Megafunction           ; e:/prime_for_fpga/lite/quartus/libraries/megafunctions/aglobal181.inc         ;         ;
; lpm_add_sub.inc                  ; yes             ; Megafunction           ; e:/prime_for_fpga/lite/quartus/libraries/megafunctions/lpm_add_sub.inc        ;         ;
; multcore.inc                     ; yes             ; Megafunction           ; e:/prime_for_fpga/lite/quartus/libraries/megafunctions/multcore.inc           ;         ;
; bypassff.inc                     ; yes             ; Megafunction           ; e:/prime_for_fpga/lite/quartus/libraries/megafunctions/bypassff.inc           ;         ;
; altshift.inc                     ; yes             ; Megafunction           ; e:/prime_for_fpga/lite/quartus/libraries/megafunctions/altshift.inc           ;         ;
; multcore.tdf                     ; yes             ; Megafunction           ; e:/prime_for_fpga/lite/quartus/libraries/megafunctions/multcore.tdf           ;         ;
; csa_add.inc                      ; yes             ; Megafunction           ; e:/prime_for_fpga/lite/quartus/libraries/megafunctions/csa_add.inc            ;         ;
; mpar_add.inc                     ; yes             ; Megafunction           ; e:/prime_for_fpga/lite/quartus/libraries/megafunctions/mpar_add.inc           ;         ;
; muleabz.inc                      ; yes             ; Megafunction           ; e:/prime_for_fpga/lite/quartus/libraries/megafunctions/muleabz.inc            ;         ;
; mul_lfrg.inc                     ; yes             ; Megafunction           ; e:/prime_for_fpga/lite/quartus/libraries/megafunctions/mul_lfrg.inc           ;         ;
; mul_boothc.inc                   ; yes             ; Megafunction           ; e:/prime_for_fpga/lite/quartus/libraries/megafunctions/mul_boothc.inc         ;         ;
; alt_ded_mult.inc                 ; yes             ; Megafunction           ; e:/prime_for_fpga/lite/quartus/libraries/megafunctions/alt_ded_mult.inc       ;         ;
; alt_ded_mult_y.inc               ; yes             ; Megafunction           ; e:/prime_for_fpga/lite/quartus/libraries/megafunctions/alt_ded_mult_y.inc     ;         ;
; dffpipe.inc                      ; yes             ; Megafunction           ; e:/prime_for_fpga/lite/quartus/libraries/megafunctions/dffpipe.inc            ;         ;
; mpar_add.tdf                     ; yes             ; Megafunction           ; e:/prime_for_fpga/lite/quartus/libraries/megafunctions/mpar_add.tdf           ;         ;
; altshift.tdf                     ; yes             ; Megafunction           ; e:/prime_for_fpga/lite/quartus/libraries/megafunctions/altshift.tdf           ;         ;
+----------------------------------+-----------------+------------------------+-------------------------------------------------------------------------------+---------+


+---------------------------------------------------------+
; Analysis & Synthesis Resource Usage Summary             ;
+---------------------------------------------+-----------+
; Resource                                    ; Usage     ;
+---------------------------------------------+-----------+
; Estimated Total logic elements              ; 570       ;
;                                             ;           ;
; Total combinational functions               ; 563       ;
; Logic element usage by number of LUT inputs ;           ;
;     -- 4 input functions                    ; 138       ;
;     -- 3 input functions                    ; 241       ;
;     -- <=2 input functions                  ; 184       ;
;                                             ;           ;
; Logic elements by mode                      ;           ;
;     -- normal mode                          ; 261       ;
;     -- arithmetic mode                      ; 302       ;
;                                             ;           ;
; Total registers                             ; 219       ;
;     -- Dedicated logic registers            ; 219       ;
;     -- I/O registers                        ; 0         ;
;                                             ;           ;
; I/O pins                                    ; 35        ;
;                                             ;           ;
; Embedded Multiplier 9-bit elements          ; 0         ;
;                                             ;           ;
; Maximum fan-out node                        ; clk~input ;
; Maximum fan-out                             ; 216       ;
; Total fan-out                               ; 2456      ;
; Average fan-out                             ; 2.87      ;
+---------------------------------------------+-----------+


+-----------------------------------------------------------------------------------------------------------------------------------------------------------------------------------------------------------------------------------------------------------------------+
; Analysis & Synthesis Resource Utilization by Entity                                                                                                                                                                                                                   ;
+---------------------------------+---------------------+---------------------------+-------------+--------------+---------+-----------+------+--------------+-----------------------------------------------------------------+-------------------------+--------------+
; Compilation Hierarchy Node      ; Combinational ALUTs ; Dedicated Logic Registers ; Memory Bits ; DSP Elements ; DSP 9x9 ; DSP 18x18 ; Pins ; Virtual Pins ; Full Hierarchy Name                                             ; Entity Name             ; Library Name ;
+---------------------------------+---------------------+---------------------------+-------------+--------------+---------+-----------+------+--------------+-----------------------------------------------------------------+-------------------------+--------------+
; |colorful_breath_led_pro        ; 563 (8)             ; 219 (2)                   ; 0           ; 0            ; 0       ; 0         ; 35   ; 0            ; |colorful_breath_led_pro                                        ; colorful_breath_led_pro ; work         ;
;    |breath_led:u1|              ; 199 (199)           ; 66 (66)                   ; 0           ; 0            ; 0       ; 0         ; 0    ; 0            ; |colorful_breath_led_pro|breath_led:u1                          ; breath_led              ; work         ;
;    |breath_led:u2|              ; 194 (194)           ; 66 (66)                   ; 0           ; 0            ; 0       ; 0         ; 0    ; 0            ; |colorful_breath_led_pro|breath_led:u2                          ; breath_led              ; work         ;
;    |breath_led_and_led_test:u3| ; 135 (112)           ; 63 (51)                   ; 0           ; 0            ; 0       ; 0         ; 0    ; 0            ; |colorful_breath_led_pro|breath_led_and_led_test:u3             ; breath_led_and_led_test ; work         ;
;       |seg_scan:u2|             ; 23 (23)             ; 12 (12)                   ; 0           ; 0            ; 0       ; 0         ; 0    ; 0            ; |colorful_breath_led_pro|breath_led_and_led_test:u3|seg_scan:u2 ; seg_scan                ; work         ;
;    |debounce:u4|                ; 27 (27)             ; 22 (22)                   ; 0           ; 0            ; 0       ; 0         ; 0    ; 0            ; |colorful_breath_led_pro|debounce:u4                            ; debounce                ; work         ;
+---------------------------------+---------------------+---------------------------+-------------+--------------+---------+-----------+------+--------------+-----------------------------------------------------------------+-------------------------+--------------+
Note: For table entries with two numbers listed, the numbers in parentheses indicate the number of resources of the given type used by the specific entity alone. The numbers listed outside of parentheses indicate the total resources of the given type used by the specific entity and all of its sub-entities in the hierarchy.


+---------------------------------------------------------------------------------------------------+
; Registers Removed During Synthesis                                                                ;
+----------------------------------------------------------+----------------------------------------+
; Register name                                            ; Reason for Removal                     ;
+----------------------------------------------------------+----------------------------------------+
; breath_led:u2|CNT_NUM[14..24]                            ; Stuck at GND due to stuck port data_in ;
; breath_led:u1|CNT_NUM[14..24]                            ; Stuck at GND due to stuck port data_in ;
; breath_led:u2|CNT_NUM[0]                                 ; Stuck at GND due to stuck port data_in ;
; breath_led:u1|CNT_NUM[0]                                 ; Stuck at GND due to stuck port data_in ;
; breath_led:u2|CNT_NUM[1]                                 ; Stuck at GND due to stuck port data_in ;
; breath_led:u1|CNT_NUM[1]                                 ; Stuck at GND due to stuck port data_in ;
; breath_led:u2|CNT_NUM[2]                                 ; Stuck at GND due to stuck port data_in ;
; breath_led:u1|CNT_NUM[2]                                 ; Stuck at GND due to stuck port data_in ;
; breath_led_and_led_test:u3|seg_scan:u2|div_count[11..31] ; Lost fanout                            ;
; breath_led:u1|CNT_NUM[9]                                 ; Stuck at VCC due to stuck port data_in ;
; breath_led:u2|CNT_NUM[9]                                 ; Stuck at VCC due to stuck port data_in ;
; Total Number of Removed Registers = 51                   ;                                        ;
+----------------------------------------------------------+----------------------------------------+


+------------------------------------------------------+
; General Register Statistics                          ;
+----------------------------------------------+-------+
; Statistic                                    ; Value ;
+----------------------------------------------+-------+
; Total registers                              ; 219   ;
; Number of registers using Synchronous Clear  ; 93    ;
; Number of registers using Synchronous Load   ; 0     ;
; Number of registers using Asynchronous Clear ; 165   ;
; Number of registers using Asynchronous Load  ; 0     ;
; Number of registers using Clock Enable       ; 75    ;
; Number of registers using Preset             ; 0     ;
+----------------------------------------------+-------+


+---------------------------------------------------+
; Inverted Register Statistics                      ;
+-----------------------------------------+---------+
; Inverted Register                       ; Fan out ;
+-----------------------------------------+---------+
; breath_led:u1|CNT_NUM[13]               ; 5       ;
; breath_led:u1|CNT_NUM[10]               ; 2       ;
; breath_led:u1|CNT_NUM[8]                ; 2       ;
; breath_led:u1|CNT_NUM[4]                ; 2       ;
; breath_led:u1|control[1]                ; 5       ;
; breath_led:u1|control[2]                ; 5       ;
; breath_led:u2|CNT_NUM[13]               ; 2       ;
; breath_led:u2|CNT_NUM[10]               ; 2       ;
; breath_led:u2|CNT_NUM[8]                ; 2       ;
; breath_led:u2|CNT_NUM[4]                ; 2       ;
; breath_led:u2|control[1]                ; 5       ;
; breath_led:u2|control[2]                ; 5       ;
; Total number of inverted registers = 12 ;         ;
+-----------------------------------------+---------+


+----------------------------------------------------------------------------------------------------------------------------------------------------------------------------+
; Multiplexer Restructuring Statistics (Restructuring Performed)                                                                                                             ;
+--------------------+-----------+---------------+----------------------+------------------------+------------+--------------------------------------------------------------+
; Multiplexer Inputs ; Bus Width ; Baseline Area ; Area if Restructured ; Saving if Restructured ; Registered ; Example Multiplexer Output                                   ;
+--------------------+-----------+---------------+----------------------+------------------------+------------+--------------------------------------------------------------+
; 3:1                ; 25 bits   ; 50 LEs        ; 25 LEs               ; 25 LEs                 ; Yes        ; |colorful_breath_led_pro|breath_led:u1|cnt2[24]              ;
; 3:1                ; 25 bits   ; 50 LEs        ; 25 LEs               ; 25 LEs                 ; Yes        ; |colorful_breath_led_pro|breath_led:u2|cnt2[24]              ;
; 3:1                ; 25 bits   ; 50 LEs        ; 25 LEs               ; 25 LEs                 ; Yes        ; |colorful_breath_led_pro|breath_led_and_led_test:u3|cnt2[20] ;
; 4:1                ; 2 bits    ; 4 LEs         ; 4 LEs                ; 0 LEs                  ; Yes        ; |colorful_breath_led_pro|breath_led:u1|control[2]            ;
; 4:1                ; 2 bits    ; 4 LEs         ; 4 LEs                ; 0 LEs                  ; Yes        ; |colorful_breath_led_pro|breath_led:u2|control[1]            ;
+--------------------+-----------+---------------+----------------------+------------------------+------------+--------------------------------------------------------------+


+----------------------------------------------------------+
; Parameter Settings for User Entity Instance: debounce:u4 ;
+----------------+-------+---------------------------------+
; Parameter Name ; Value ; Type                            ;
+----------------+-------+---------------------------------+
; N              ; 1     ; Signed Integer                  ;
+----------------+-------+---------------------------------+
Note: In order to hide this table in the UI and the text report file, please set the "Show Parameter Settings in Synthesis Report" option in "Analysis and Synthesis Settings -> More Settings" to "Off".


+-------------------------------------------------------------------------+
; Parameter Settings for User Entity Instance: breath_led_and_led_test:u3 ;
+----------------+-------+------------------------------------------------+
; Parameter Name ; Value ; Type                                           ;
+----------------+-------+------------------------------------------------+
; CNT_NUM        ; 10000 ; Signed Integer                                 ;
+----------------+-------+------------------------------------------------+
Note: In order to hide this table in the UI and the text report file, please set the "Show Parameter Settings in Synthesis Report" option in "Analysis and Synthesis Settings -> More Settings" to "Off".


+-------------------------------------------------------------------------------------+
; Parameter Settings for Inferred Entity Instance: breath_led:u1|lpm_mult:Mult0       ;
+------------------------------------------------+--------------+---------------------+
; Parameter Name                                 ; Value        ; Type                ;
+------------------------------------------------+--------------+---------------------+
; AUTO_CARRY_CHAINS                              ; ON           ; AUTO_CARRY          ;
; IGNORE_CARRY_BUFFERS                           ; OFF          ; IGNORE_CARRY        ;
; AUTO_CASCADE_CHAINS                            ; ON           ; AUTO_CASCADE        ;
; IGNORE_CASCADE_BUFFERS                         ; OFF          ; IGNORE_CASCADE      ;
; LPM_WIDTHA                                     ; 10           ; Untyped             ;
; LPM_WIDTHB                                     ; 4            ; Untyped             ;
; LPM_WIDTHP                                     ; 14           ; Untyped             ;
; LPM_WIDTHR                                     ; 14           ; Untyped             ;
; LPM_WIDTHS                                     ; 1            ; Untyped             ;
; LPM_REPRESENTATION                             ; UNSIGNED     ; Untyped             ;
; LPM_PIPELINE                                   ; 0            ; Untyped             ;
; LATENCY                                        ; 0            ; Untyped             ;
; INPUT_A_IS_CONSTANT                            ; YES          ; Untyped             ;
; INPUT_B_IS_CONSTANT                            ; NO           ; Untyped             ;
; USE_EAB                                        ; OFF          ; Untyped             ;
; MAXIMIZE_SPEED                                 ; 6            ; Untyped             ;
; DEVICE_FAMILY                                  ; Cyclone IV E ; Untyped             ;
; CARRY_CHAIN                                    ; MANUAL       ; Untyped             ;
; APEX20K_TECHNOLOGY_MAPPER                      ; LUT          ; TECH_MAPPER_APEX20K ;
; DEDICATED_MULTIPLIER_CIRCUITRY                 ; AUTO         ; Untyped             ;
; DEDICATED_MULTIPLIER_MIN_INPUT_WIDTH_FOR_AUTO  ; 0            ; Untyped             ;
; DEDICATED_MULTIPLIER_MIN_OUTPUT_WIDTH_FOR_AUTO ; 0            ; Untyped             ;
; CBXI_PARAMETER                                 ; NOTHING      ; Untyped             ;
; INPUT_A_FIXED_VALUE                            ; Bx           ; Untyped             ;
; INPUT_B_FIXED_VALUE                            ; Bx           ; Untyped             ;
; USE_AHDL_IMPLEMENTATION                        ; OFF          ; Untyped             ;
+------------------------------------------------+--------------+---------------------+
Note: In order to hide this table in the UI and the text report file, please set the "Show Parameter Settings in Synthesis Report" option in "Analysis and Synthesis Settings -> More Settings" to "Off".


+-------------------------------------------------------------------------------------+
; Parameter Settings for Inferred Entity Instance: breath_led:u2|lpm_mult:Mult0       ;
+------------------------------------------------+--------------+---------------------+
; Parameter Name                                 ; Value        ; Type                ;
+------------------------------------------------+--------------+---------------------+
; AUTO_CARRY_CHAINS                              ; ON           ; AUTO_CARRY          ;
; IGNORE_CARRY_BUFFERS                           ; OFF          ; IGNORE_CARRY        ;
; AUTO_CASCADE_CHAINS                            ; ON           ; AUTO_CASCADE        ;
; IGNORE_CASCADE_BUFFERS                         ; OFF          ; IGNORE_CASCADE      ;
; LPM_WIDTHA                                     ; 10           ; Untyped             ;
; LPM_WIDTHB                                     ; 4            ; Untyped             ;
; LPM_WIDTHP                                     ; 14           ; Untyped             ;
; LPM_WIDTHR                                     ; 14           ; Untyped             ;
; LPM_WIDTHS                                     ; 1            ; Untyped             ;
; LPM_REPRESENTATION                             ; UNSIGNED     ; Untyped             ;
; LPM_PIPELINE                                   ; 0            ; Untyped             ;
; LATENCY                                        ; 0            ; Untyped             ;
; INPUT_A_IS_CONSTANT                            ; YES          ; Untyped             ;
; INPUT_B_IS_CONSTANT                            ; NO           ; Untyped             ;
; USE_EAB                                        ; OFF          ; Untyped             ;
; MAXIMIZE_SPEED                                 ; 6            ; Untyped             ;
; DEVICE_FAMILY                                  ; Cyclone IV E ; Untyped             ;
; CARRY_CHAIN                                    ; MANUAL       ; Untyped             ;
; APEX20K_TECHNOLOGY_MAPPER                      ; LUT          ; TECH_MAPPER_APEX20K ;
; DEDICATED_MULTIPLIER_CIRCUITRY                 ; AUTO         ; Untyped             ;
; DEDICATED_MULTIPLIER_MIN_INPUT_WIDTH_FOR_AUTO  ; 0            ; Untyped             ;
; DEDICATED_MULTIPLIER_MIN_OUTPUT_WIDTH_FOR_AUTO ; 0            ; Untyped             ;
; CBXI_PARAMETER                                 ; NOTHING      ; Untyped             ;
; INPUT_A_FIXED_VALUE                            ; Bx           ; Untyped             ;
; INPUT_B_FIXED_VALUE                            ; Bx           ; Untyped             ;
; USE_AHDL_IMPLEMENTATION                        ; OFF          ; Untyped             ;
+------------------------------------------------+--------------+---------------------+
Note: In order to hide this table in the UI and the text report file, please set the "Show Parameter Settings in Synthesis Report" option in "Analysis and Synthesis Settings -> More Settings" to "Off".


+----------------------------------------------------------------------+
; lpm_mult Parameter Settings by Entity Instance                       ;
+---------------------------------------+------------------------------+
; Name                                  ; Value                        ;
+---------------------------------------+------------------------------+
; Number of entity instances            ; 2                            ;
; Entity Instance                       ; breath_led:u1|lpm_mult:Mult0 ;
;     -- LPM_WIDTHA                     ; 10                           ;
;     -- LPM_WIDTHB                     ; 4                            ;
;     -- LPM_WIDTHP                     ; 14                           ;
;     -- LPM_REPRESENTATION             ; UNSIGNED                     ;
;     -- INPUT_A_IS_CONSTANT            ; YES                          ;
;     -- INPUT_B_IS_CONSTANT            ; NO                           ;
;     -- USE_EAB                        ; OFF                          ;
;     -- DEDICATED_MULTIPLIER_CIRCUITRY ; AUTO                         ;
;     -- INPUT_A_FIXED_VALUE            ; Bx                           ;
;     -- INPUT_B_FIXED_VALUE            ; Bx                           ;
; Entity Instance                       ; breath_led:u2|lpm_mult:Mult0 ;
;     -- LPM_WIDTHA                     ; 10                           ;
;     -- LPM_WIDTHB                     ; 4                            ;
;     -- LPM_WIDTHP                     ; 14                           ;
;     -- LPM_REPRESENTATION             ; UNSIGNED                     ;
;     -- INPUT_A_IS_CONSTANT            ; YES                          ;
;     -- INPUT_B_IS_CONSTANT            ; NO                           ;
;     -- USE_EAB                        ; OFF                          ;
;     -- DEDICATED_MULTIPLIER_CIRCUITRY ; AUTO                         ;
;     -- INPUT_A_FIXED_VALUE            ; Bx                           ;
;     -- INPUT_B_FIXED_VALUE            ; Bx                           ;
+---------------------------------------+------------------------------+


+-----------------------------------------------------+
; Post-Synthesis Netlist Statistics for Top Partition ;
+-----------------------+-----------------------------+
; Type                  ; Count                       ;
+-----------------------+-----------------------------+
; boundary_port         ; 35                          ;
; cycloneiii_ff         ; 219                         ;
;     CLR               ; 15                          ;
;     CLR SCLR          ; 75                          ;
;     ENA CLR           ; 75                          ;
;     SCLR              ; 18                          ;
;     plain             ; 36                          ;
; cycloneiii_lcell_comb ; 575                         ;
;     arith             ; 302                         ;
;         2 data inputs ; 140                         ;
;         3 data inputs ; 162                         ;
;     normal            ; 273                         ;
;         0 data inputs ; 3                           ;
;         1 data inputs ; 27                          ;
;         2 data inputs ; 26                          ;
;         3 data inputs ; 79                          ;
;         4 data inputs ; 138                         ;
;                       ;                             ;
; Max LUT depth         ; 8.20                        ;
; Average LUT depth     ; 4.29                        ;
+-----------------------+-----------------------------+


+-------------------------------+
; Elapsed Time Per Partition    ;
+----------------+--------------+
; Partition Name ; Elapsed Time ;
+----------------+--------------+
; Top            ; 00:00:02     ;
+----------------+--------------+


+-------------------------------+
; Analysis & Synthesis Messages ;
+-------------------------------+
Info: *******************************************************************
Info: Running Quartus Prime Analysis & Synthesis
    Info: Version 18.1.0 Build 625 09/12/2018 SJ Lite Edition
    Info: Processing started: Tue Nov 27 10:07:48 2018
Info: Command: quartus_map --read_settings_files=on --write_settings_files=off colorful_breath_led_pro -c colorful_breath_led_pro
Warning (18236): Number of processors has not been specified which may cause overloading on shared machines.  Set the global assignment NUM_PARALLEL_PROCESSORS in your QSF to an appropriate value for best performance.
Info (20030): Parallel compilation is enabled and will use 4 of the 4 processors detected
Info (12021): Found 5 design units, including 5 entities, in source file colorful_breath_led_pro.v
    Info (12023): Found entity 1: colorful_breath_led_pro File: E:/prime_for_FPGA/Lite/demo/colorful_breath_led_pro/colorful_breath_led_pro.v Line: 1
    Info (12023): Found entity 2: breath_led File: E:/prime_for_FPGA/Lite/demo/colorful_breath_led_pro/colorful_breath_led_pro.v Line: 81
    Info (12023): Found entity 3: breath_led_and_led_test File: E:/prime_for_FPGA/Lite/demo/colorful_breath_led_pro/colorful_breath_led_pro.v Line: 183
    Info (12023): Found entity 4: seg_scan File: E:/prime_for_FPGA/Lite/demo/colorful_breath_led_pro/colorful_breath_led_pro.v Line: 325
    Info (12023): Found entity 5: debounce File: E:/prime_for_FPGA/Lite/demo/colorful_breath_led_pro/colorful_breath_led_pro.v Line: 449
Warning (10236): Verilog HDL Implicit Net warning at colorful_breath_led_pro.v(27): created implicit net for "rst" File: E:/prime_for_FPGA/Lite/demo/colorful_breath_led_pro/colorful_breath_led_pro.v Line: 27
Info (12127): Elaborating entity "colorful_breath_led_pro" for the top level hierarchy
Warning (10036): Verilog HDL or VHDL warning at colorful_breath_led_pro.v(17): object "swx_temp" assigned a value but never read File: E:/prime_for_FPGA/Lite/demo/colorful_breath_led_pro/colorful_breath_led_pro.v Line: 17
Warning (10036): Verilog HDL or VHDL warning at colorful_breath_led_pro.v(18): object "swy_temp" assigned a value but never read File: E:/prime_for_FPGA/Lite/demo/colorful_breath_led_pro/colorful_breath_led_pro.v Line: 18
Warning (10230): Verilog HDL assignment warning at colorful_breath_led_pro.v(34): truncated value with size 32 to match size of target (2) File: E:/prime_for_FPGA/Lite/demo/colorful_breath_led_pro/colorful_breath_led_pro.v Line: 34
Info (12128): Elaborating entity "debounce" for hierarchy "debounce:u4" File: E:/prime_for_FPGA/Lite/demo/colorful_breath_led_pro/colorful_breath_led_pro.v Line: 29
Info (12128): Elaborating entity "breath_led" for hierarchy "breath_led:u1" File: E:/prime_for_FPGA/Lite/demo/colorful_breath_led_pro/colorful_breath_led_pro.v Line: 62
Warning (10230): Verilog HDL assignment warning at colorful_breath_led_pro.v(102): truncated value with size 32 to match size of target (25) File: E:/prime_for_FPGA/Lite/demo/colorful_breath_led_pro/colorful_breath_led_pro.v Line: 102
Info (12128): Elaborating entity "breath_led_and_led_test" for hierarchy "breath_led_and_led_test:u3" File: E:/prime_for_FPGA/Lite/demo/colorful_breath_led_pro/colorful_breath_led_pro.v Line: 77
Info (12128): Elaborating entity "seg_scan" for hierarchy "breath_led_and_led_test:u3|seg_scan:u2" File: E:/prime_for_FPGA/Lite/demo/colorful_breath_led_pro/colorful_breath_led_pro.v Line: 213
Info (278001): Inferred 2 megafunctions from design logic
    Info (278003): Inferred multiplier megafunction ("lpm_mult") from the following logic: "breath_led:u1|Mult0" File: E:/prime_for_FPGA/Lite/demo/colorful_breath_led_pro/colorful_breath_led_pro.v Line: 102
    Info (278003): Inferred multiplier megafunction ("lpm_mult") from the following logic: "breath_led:u2|Mult0" File: E:/prime_for_FPGA/Lite/demo/colorful_breath_led_pro/colorful_breath_led_pro.v Line: 102
Info (12130): Elaborated megafunction instantiation "breath_led:u1|lpm_mult:Mult0" File: E:/prime_for_FPGA/Lite/demo/colorful_breath_led_pro/colorful_breath_led_pro.v Line: 102
Info (12133): Instantiated megafunction "breath_led:u1|lpm_mult:Mult0" with the following parameter: File: E:/prime_for_FPGA/Lite/demo/colorful_breath_led_pro/colorful_breath_led_pro.v Line: 102
    Info (12134): Parameter "LPM_WIDTHA" = "10"
    Info (12134): Parameter "LPM_WIDTHB" = "4"
    Info (12134): Parameter "LPM_WIDTHP" = "14"
    Info (12134): Parameter "LPM_WIDTHR" = "14"
    Info (12134): Parameter "LPM_WIDTHS" = "1"
    Info (12134): Parameter "LPM_REPRESENTATION" = "UNSIGNED"
    Info (12134): Parameter "INPUT_A_IS_CONSTANT" = "YES"
    Info (12134): Parameter "INPUT_B_IS_CONSTANT" = "NO"
    Info (12134): Parameter "MAXIMIZE_SPEED" = "6"
Info (12131): Elaborated megafunction instantiation "breath_led:u1|lpm_mult:Mult0|multcore:mult_core", which is child of megafunction instantiation "breath_led:u1|lpm_mult:Mult0" File: e:/prime_for_fpga/lite/quartus/libraries/megafunctions/lpm_mult.tdf Line: 308
Info (12131): Elaborated megafunction instantiation "breath_led:u1|lpm_mult:Mult0|multcore:mult_core|mpar_add:padder", which is child of megafunction instantiation "breath_led:u1|lpm_mult:Mult0" File: e:/prime_for_fpga/lite/quartus/libraries/megafunctions/multcore.tdf Line: 228
Info (12131): Elaborated megafunction instantiation "breath_led:u1|lpm_mult:Mult0|altshift:external_latency_ffs", which is child of megafunction instantiation "breath_led:u1|lpm_mult:Mult0" File: e:/prime_for_fpga/lite/quartus/libraries/megafunctions/lpm_mult.tdf Line: 351
Warning (13024): Output pins are stuck at VCC or GND
    Warning (13410): Pin "digit_seg[0]" is stuck at GND File: E:/prime_for_FPGA/Lite/demo/colorful_breath_led_pro/colorful_breath_led_pro.v Line: 6
Info (286030): Timing-Driven Synthesis is running
Info (17049): 21 registers lost all their fanouts during netlist optimizations.
Info (17016): Found the following redundant logic cells in design
    Info (17048): Logic cell "breath_led:u1|Add0~10" File: E:/prime_for_FPGA/Lite/demo/colorful_breath_led_pro/colorful_breath_led_pro.v Line: 110
    Info (17048): Logic cell "breath_led:u1|Add0~12" File: E:/prime_for_FPGA/Lite/demo/colorful_breath_led_pro/colorful_breath_led_pro.v Line: 110
    Info (17048): Logic cell "breath_led:u1|Add0~14" File: E:/prime_for_FPGA/Lite/demo/colorful_breath_led_pro/colorful_breath_led_pro.v Line: 110
    Info (17048): Logic cell "breath_led:u1|Add0~20" File: E:/prime_for_FPGA/Lite/demo/colorful_breath_led_pro/colorful_breath_led_pro.v Line: 110
    Info (17048): Logic cell "breath_led:u2|Add0~10" File: E:/prime_for_FPGA/Lite/demo/colorful_breath_led_pro/colorful_breath_led_pro.v Line: 110
    Info (17048): Logic cell "breath_led:u2|Add0~12" File: E:/prime_for_FPGA/Lite/demo/colorful_breath_led_pro/colorful_breath_led_pro.v Line: 110
    Info (17048): Logic cell "breath_led:u2|Add0~14" File: E:/prime_for_FPGA/Lite/demo/colorful_breath_led_pro/colorful_breath_led_pro.v Line: 110
    Info (17048): Logic cell "breath_led:u2|Add0~16" File: E:/prime_for_FPGA/Lite/demo/colorful_breath_led_pro/colorful_breath_led_pro.v Line: 110
Info (144001): Generated suppressed messages file E:/prime_for_FPGA/Lite/demo/colorful_breath_led_pro/output_files/colorful_breath_led_pro.map.smsg
Info (16010): Generating hard_block partition "hard_block:auto_generated_inst"
    Info (16011): Adding 0 node(s), including 0 DDIO, 0 PLL, 0 transceiver and 0 LCELL
Info (21057): Implemented 609 device resources after synthesis - the final resource count might be different
    Info (21058): Implemented 11 input pins
    Info (21059): Implemented 24 output pins
    Info (21061): Implemented 574 logic cells
Info: Quartus Prime Analysis & Synthesis was successful. 0 errors, 8 warnings
    Info: Peak virtual memory: 4802 megabytes
    Info: Processing ended: Tue Nov 27 10:08:11 2018
    Info: Elapsed time: 00:00:23
    Info: Total CPU time (on all processors): 00:00:27


+------------------------------------------+
; Analysis & Synthesis Suppressed Messages ;
+------------------------------------------+
The suppressed messages can be found in E:/prime_for_FPGA/Lite/demo/colorful_breath_led_pro/output_files/colorful_breath_led_pro.map.smsg.


